<?xml version="1.0" encoding="utf-8"?><testsuites><testsuite name="pytest" errors="0" failures="10" skipped="2" tests="806" time="157.502" timestamp="2026-07-23T05:46:55.928653" hostname="atius-srv-1.atius.internal"><testcase classname="modules.rustdesk-fleet.tests.test_phase51_contracts" name="test_scope_contract" time="0.004" /><testcase classname="modules.rustdesk-fleet.tests.test_phase51_contracts" name="test_workstream_scope_contract" time="0.001" /><testcase classname="modules.rustdesk-fleet.tests.test_phase51_contracts" name="test_workstream_commands_are_checked_independently" time="0.003" /><testcase classname="modules.rustdesk-fleet.tests.test_phase51_contracts" name="test_workstream_rejects_wrong_scope_and_accepts_read_only_query" time="0.001" /><testcase classname="modules.rustdesk-fleet.tests.test_phase51_contracts" name="test_workstream_prose_is_not_an_executable_command" time="0.001" /><testcase classname="modules.rustdesk-fleet.tests.test_phase51_contracts" name="test_workstream_or_chain_and_duplicate_scope_fail_independently" time="0.002" /><testcase classname="modules.rustdesk-fleet.tests.test_phase51_contracts" name="test_phase48_integrity_contract" time="0.101" /><testcase classname="modules.rustdesk-fleet.tests.test_phase51_contracts" name="test_phase48_old_blob_to_migrated_hash[48-01-PLAN.md]" time="0.068" /><testcase classname="modules.rustdesk-fleet.tests.test_phase51_contracts" name="test_phase48_old_blob_to_migrated_hash[48-01-ROUTER-EVIDENCE.md]" time="0.006" /><testcase classname="modules.rustdesk-fleet.tests.test_phase51_contracts" name="test_phase48_old_blob_to_migrated_hash[48-02-PLAN.md]" time="0.009" /><testcase classname="modules.rustdesk-fleet.tests.test_phase51_contracts" name="test_phase48_old_blob_to_migrated_hash[48-CONTEXT.md]" time="0.008" /><testcase classname="modules.rustdesk-fleet.tests.test_phase51_contracts" name="test_phase48_old_blob_to_migrated_hash[48-EXECUTION-CHECKPOINT-2026-07-12.md]" time="0.006" /><testcase classname="modules.rustdesk-fleet.tests.test_phase51_contracts" name="test_phase48_old_blob_to_migrated_hash[48-PATTERNS.md]" time="0.010" /><testcase classname="modules.rustdesk-fleet.tests.test_phase51_contracts" name="test_phase48_old_blob_to_migrated_hash[48-RESEARCH.md]" time="0.216" /><testcase classname="modules.rustdesk-fleet.tests.test_phase51_contracts" name="test_phase48_old_blob_to_migrated_hash[48-VALIDATION.md]" time="0.007" /><testcase classname="modules.rustdesk-fleet.tests.test_phase51_contracts" name="test_phase48_old_blob_to_migrated_hash[tools/verify-router-evidence.py]" time="0.008" /><testcase classname="modules.rustdesk-fleet.tests.test_phase51_contracts" name="test_phase48_drift_is_blocked_on_disposable_copy" time="0.050" /><testcase classname="modules.rustdesk-fleet.tests.test_phase51_contracts" name="test_phase48_rejects_incomplete_or_extra_rows[zero]" time="0.002" /><testcase classname="modules.rustdesk-fleet.tests.test_phase51_contracts" name="test_phase48_rejects_incomplete_or_extra_rows[missing]" time="0.063" /><testcase classname="modules.rustdesk-fleet.tests.test_phase51_contracts" name="test_phase48_rejects_incomplete_or_extra_rows[extra]" time="0.036" /><testcase classname="modules.rustdesk-fleet.tests.test_phase51_contracts" name="test_phase48_validator_has_no_rebaseline_cli_option" time="0.001" /><testcase classname="modules.rustdesk-fleet.tests.test_phase51_contracts" name="test_requirement_ledger_contract" time="0.007" /><testcase classname="modules.rustdesk-fleet.tests.test_phase51_contracts" name="test_requirement_ledger_rejects_id_drift[missing]" time="0.002" /><testcase classname="modules.rustdesk-fleet.tests.test_phase51_contracts" name="test_requirement_ledger_rejects_id_drift[orphan]" time="0.008" /><testcase classname="modules.rustdesk-fleet.tests.test_phase51_contracts" name="test_requirement_ledger_rejects_id_drift[duplicate]" time="0.002" /><testcase classname="modules.rustdesk-fleet.tests.test_phase51_contracts" name="test_requirement_ledger_rejects_invalid_pass_evidence[.planning/workstreams/rustdesk-fleet/phases/51/SUMMARY.md-aaaaaaaaaaaaaaaaaaaaaaaaaaaaaaaaaaaaaaaaaaaaaaaaaaaaaaaaaaaaaaaa-2026-07-20T05:00:00Z-summary-only-evidence]" time="0.003" /><testcase classname="modules.rustdesk-fleet.tests.test_phase51_contracts" name="test_requirement_ledger_rejects_invalid_pass_evidence[../outside.json-aaaaaaaaaaaaaaaaaaaaaaaaaaaaaaaaaaaaaaaaaaaaaaaaaaaaaaaaaaaaaaaa-2026-07-20T05:00:00Z-evidence-path-outside-scope]" time="0.005" /><testcase classname="modules.rustdesk-fleet.tests.test_phase51_contracts" name="test_requirement_ledger_rejects_invalid_pass_evidence[modules/rustdesk-fleet/evidence/current.json-short-2026-07-20T05:00:00Z-evidence-digest-shape]" time="0.010" /><testcase classname="modules.rustdesk-fleet.tests.test_phase51_contracts" name="test_requirement_ledger_rejects_invalid_pass_evidence[modules/rustdesk-fleet/evidence/current.json-aaaaaaaaaaaaaaaaaaaaaaaaaaaaaaaaaaaaaaaaaaaaaaaaaaaaaaaaaaaaaaaa-2026-07-19T05:00:00Z-evidence-currentness]" time="0.003" /><testcase classname="modules.rustdesk-fleet.tests.test_phase51_contracts" name="test_requirement_ledger_rejects_invalid_pass_evidence[modules/rustdesk-fleet/evidence/does-not-exist.json-aaaaaaaaaaaaaaaaaaaaaaaaaaaaaaaaaaaaaaaaaaaaaaaaaaaaaaaaaaaaaaaa-2026-07-20T05:00:00Z-evidence-file-missing]" time="0.003" /><testcase classname="modules.rustdesk-fleet.tests.test_phase51_contracts" name="test_requirement_ledger_rejects_invalid_pass_evidence[modules/rustdesk-fleet/contracts/scope.json-aaaaaaaaaaaaaaaaaaaaaaaaaaaaaaaaaaaaaaaaaaaaaaaaaaaaaaaaaaaaaaaa-2026-07-20T05:00:00Z-evidence-digest-mismatch]" time="0.002" /><testcase classname="modules.rustdesk-fleet.tests.test_phase51_contracts" name="test_security_projection_records_final_signoff" time="0.002" /><testcase classname="modules.rustdesk-fleet.tests.test_phase51_contracts" name="test_complete_fixture_bundle_materializes_all_contracts" time="0.015" /><testcase classname="modules.rustdesk-fleet.tests.test_phase51_contracts" name="test_structural_static_fixtures_match_plan01_failures" time="0.006" /><testcase classname="modules.rustdesk-fleet.tests.test_phase51_contracts" name="test_summary_only_static_fixture_cannot_close_requirement" time="0.010" /><testcase classname="modules.rustdesk-fleet.tests.test_phase51_contracts" name="test_scope_transport_static_negatives[excluded-host.json-P51-SCOPE-001]" time="0.007" /><testcase classname="modules.rustdesk-fleet.tests.test_phase51_contracts" name="test_scope_transport_static_negatives[forced-relay-default.json-P51-TRANSPORT-001]" time="0.002" /><testcase classname="modules.rustdesk-fleet.tests.test_phase51_contracts" name="test_legacy_missing_tool_fails" time="0.003" /><testcase classname="modules.rustdesk-fleet.tests.test_phase51_contracts" name="test_scope_rejects_alias_overlap_and_extra[&lt;lambda&gt;0]" time="0.004" /><testcase classname="modules.rustdesk-fleet.tests.test_phase51_contracts" name="test_scope_rejects_alias_overlap_and_extra[&lt;lambda&gt;1]" time="0.004" /><testcase classname="modules.rustdesk-fleet.tests.test_phase51_contracts" name="test_scope_rejects_alias_overlap_and_extra[&lt;lambda&gt;2]" time="0.001" /><testcase classname="modules.rustdesk-fleet.tests.test_phase51_contracts" name="test_scope_rejects_duplicate_json_keys" time="0.004" /><testcase classname="modules.rustdesk-fleet.tests.test_phase51_contracts" name="test_scope_rejects_path_escape" time="0.001" /><testcase classname="modules.rustdesk-fleet.tests.test_phase51_contracts" name="test_product_decision_contract_records_oss_acceptance" time="0.005" /><testcase classname="modules.rustdesk-fleet.tests.test_phase51_contracts" name="test_product_decision_rejects_native_api_confusion" time="0.001" /><testcase classname="modules.rustdesk-fleet.tests.test_phase51_contracts" name="test_product_decision_truth_table" time="0.001" /><testcase classname="modules.rustdesk-fleet.tests.test_phase51_contracts" name="test_permission_profiles_contract" time="0.001" /><testcase classname="modules.rustdesk-fleet.tests.test_phase51_contracts" name="test_permission_profiles_reject_support_terminal" time="0.001" /><testcase classname="modules.rustdesk-fleet.tests.test_phase51_contracts" name="test_threat_contract_has_complete_stride_and_asvs_mapping" time="0.002" /><testcase classname="modules.rustdesk-fleet.tests.test_phase51_contracts" name="test_threat_contract_unresolved_high_is_blocked" time="0.001" /><testcase classname="modules.rustdesk-fleet.tests.test_phase51_contracts" name="test_secret_role_contract" time="0.001" /><testcase classname="modules.rustdesk-fleet.tests.test_phase51_contracts" name="test_secret_role_contract_passes_only_after_accountable_approval" time="0.001" /><testcase classname="modules.rustdesk-fleet.tests.test_phase51_contracts" name="test_secret_role_contract_rejects_duplicate_reference" time="0.001" /><testcase classname="modules.rustdesk-fleet.tests.test_phase51_contracts" name="test_redact_scanner_reports_metadata_only[private-key-header-&lt;lambda&gt;]" time="0.001" /><testcase classname="modules.rustdesk-fleet.tests.test_phase51_contracts" name="test_redact_scanner_reports_metadata_only[bearer-token-&lt;lambda&gt;]" time="0.001" /><testcase classname="modules.rustdesk-fleet.tests.test_phase51_contracts" name="test_redact_scanner_reports_metadata_only[secret-assignment-&lt;lambda&gt;]" time="0.001" /><testcase classname="modules.rustdesk-fleet.tests.test_phase51_contracts" name="test_redact_scanner_reports_metadata_only[uri-credential-&lt;lambda&gt;]" time="0.017" /><testcase classname="modules.rustdesk-fleet.tests.test_phase51_contracts" name="test_redact_scanner_reports_metadata_only[high-entropy-&lt;lambda&gt;]" time="0.001" /><testcase classname="modules.rustdesk-fleet.tests.test_phase51_contracts" name="test_redact_scanner_reports_metadata_only[argv-transcript-&lt;lambda&gt;]" time="0.001" /><testcase classname="modules.rustdesk-fleet.tests.test_phase51_contracts" name="test_redact_scanner_reports_metadata_only[screenshot-redaction-&lt;lambda&gt;]" time="0.001" /><testcase classname="modules.rustdesk-fleet.tests.test_phase51_contracts" name="test_secret_scanner_allows_named_sha256_digest" time="0.001" /><testcase classname="modules.rustdesk-fleet.tests.test_phase51_contracts" name="test_phase51_validator_never_reads_vault" time="0.012" /><testcase classname="modules.rustdesk-fleet.tests.test_phase51_contracts" name="test_sealed_operational_review_passes_after_accountable_approval" time="0.307" /><testcase classname="modules.rustdesk-fleet.tests.test_phase51_contracts" name="test_operational_review_blocks_without_remaining_human_fields" time="0.153" /><testcase classname="modules.rustdesk-fleet.tests.test_phase51_contracts" name="test_report_contains_exact_check_set" time="0.001" /><testcase classname="modules.rustdesk-fleet.tests.test_phase51_contracts" name="test_report_exit_precedence" time="0.001" /><testcase classname="modules.rustdesk-fleet.tests.test_phase51_contracts" name="test_report_currentness_detects_changed_input" time="0.002" /><testcase classname="modules.rustdesk-fleet.tests.test_phase51_contracts" name="test_review_source_survives_allowed_attestation_commit" time="0.115" /><testcase classname="modules.rustdesk-fleet.tests.test_phase51_contracts" name="test_review_source_rejects_committed_or_worktree_input_drift" time="0.144" /><testcase classname="modules.rustdesk-fleet.tests.test_phase51_contracts" name="test_review_source_rejects_unrelated_post_review_commit" time="0.143" /><testcase classname="modules.rustdesk-fleet.tests.test_phase51_contracts" name="test_post_review_allowlist_excludes_normative_roadmap" time="0.001" /><testcase classname="modules.rustdesk-fleet.tests.test_phase51_contracts" name="test_utc_timestamp_validation_is_semantic[2026-02-30T12:00:00Z]" time="0.001" /><testcase classname="modules.rustdesk-fleet.tests.test_phase51_contracts" name="test_utc_timestamp_validation_is_semantic[2026-07-20T24:00:00Z]" time="0.001" /><testcase classname="modules.rustdesk-fleet.tests.test_phase51_contracts" name="test_utc_timestamp_validation_is_semantic[2026-07-20T05:00:00+00:00]" time="0.001" /><testcase classname="modules.rustdesk-fleet.tests.test_phase51_contracts" name="test_utc_timestamp_validation_is_semantic[not-a-timestamp]" time="0.001" /><testcase classname="modules.rustdesk-fleet.tests.test_phase51_contracts" name="test_utc_timestamp_validation_is_semantic[None]" time="0.001" /><testcase classname="modules.rustdesk-fleet.tests.test_phase51_contracts" name="test_utc_timestamp_validation_accepts_canonical_utc" time="0.001" /><testcase classname="modules.rustdesk-fleet.tests.test_phase51_contracts" name="test_json_markdown_parity_and_atomic_outputs" time="0.232" /><testcase classname="modules.rustdesk-fleet.tests.test_phase52_gate_b_transaction" name="test_contract_is_exact_value_free_and_create_only" time="0.002" /><testcase classname="modules.rustdesk-fleet.tests.test_phase52_gate_b_transaction" name="test_transaction_orders_backup_restore_proof_before_install_and_put" time="0.187" /><testcase classname="modules.rustdesk-fleet.tests.test_phase52_gate_b_transaction" name="test_backup_failure_persists_sanitized_pre_backup_blocker_and_state" time="0.025" /><testcase classname="modules.rustdesk-fleet.tests.test_phase52_gate_b_transaction" name="test_backup_failure_never_persists_arbitrary_blocked_detail" time="0.022" /><testcase classname="modules.rustdesk-fleet.tests.test_phase52_gate_b_transaction" name="test_pre_backup_zero_write_resume_is_explicit_no_mutation_terminal" time="0.036" /><testcase classname="modules.rustdesk-fleet.tests.test_phase52_gate_b_transaction" name="test_wal_rejects_unsafe_blocker_for_every_recovery_state[None-PRE_BACKUP]" time="0.003" /><testcase classname="modules.rustdesk-fleet.tests.test_phase52_gate_b_transaction" name="test_wal_rejects_unsafe_blocker_for_every_recovery_state[None-PRE_BACKUP_NO_MUTATION_TERMINAL]" time="0.001" /><testcase classname="modules.rustdesk-fleet.tests.test_phase52_gate_b_transaction" name="test_wal_rejects_unsafe_blocker_for_every_recovery_state[None-BLOCKED]" time="0.001" /><testcase classname="modules.rustdesk-fleet.tests.test_phase52_gate_b_transaction" name="test_wal_rejects_unsafe_blocker_for_every_recovery_state[None-ROLLBACK_BLOCKED_RETRY_REQUIRED]" time="0.001" /><testcase classname="modules.rustdesk-fleet.tests.test_phase52_gate_b_transaction" name="test_wal_rejects_unsafe_blocker_for_every_recovery_state[7-PRE_BACKUP]" time="0.001" /><testcase classname="modules.rustdesk-fleet.tests.test_phase52_gate_b_transaction" name="test_wal_rejects_unsafe_blocker_for_every_recovery_state[7-PRE_BACKUP_NO_MUTATION_TERMINAL]" time="0.001" /><testcase classname="modules.rustdesk-fleet.tests.test_phase52_gate_b_transaction" name="test_wal_rejects_unsafe_blocker_for_every_recovery_state[7-BLOCKED]" time="0.001" /><testcase classname="modules.rustdesk-fleet.tests.test_phase52_gate_b_transaction" name="test_wal_rejects_unsafe_blocker_for_every_recovery_state[7-ROLLBACK_BLOCKED_RETRY_REQUIRED]" time="0.001" /><testcase classname="modules.rustdesk-fleet.tests.test_phase52_gate_b_transaction" name="test_wal_rejects_unsafe_blocker_for_every_recovery_state[unsafe_blocker2-PRE_BACKUP]" time="0.001" /><testcase classname="modules.rustdesk-fleet.tests.test_phase52_gate_b_transaction" name="test_wal_rejects_unsafe_blocker_for_every_recovery_state[unsafe_blocker2-PRE_BACKUP_NO_MUTATION_TERMINAL]" time="0.001" /><testcase classname="modules.rustdesk-fleet.tests.test_phase52_gate_b_transaction" name="test_wal_rejects_unsafe_blocker_for_every_recovery_state[unsafe_blocker2-BLOCKED]" time="0.001" /><testcase classname="modules.rustdesk-fleet.tests.test_phase52_gate_b_transaction" name="test_wal_rejects_unsafe_blocker_for_every_recovery_state[unsafe_blocker2-ROLLBACK_BLOCKED_RETRY_REQUIRED]" time="0.001" /><testcase classname="modules.rustdesk-fleet.tests.test_phase52_gate_b_transaction" name="test_wal_rejects_unsafe_blocker_for_every_recovery_state[vault failed-PRE_BACKUP]" time="0.001" /><testcase classname="modules.rustdesk-fleet.tests.test_phase52_gate_b_transaction" name="test_wal_rejects_unsafe_blocker_for_every_recovery_state[vault failed-PRE_BACKUP_NO_MUTATION_TERMINAL]" time="0.001" /><testcase classname="modules.rustdesk-fleet.tests.test_phase52_gate_b_transaction" name="test_wal_rejects_unsafe_blocker_for_every_recovery_state[vault failed-BLOCKED]" time="0.001" /><testcase classname="modules.rustdesk-fleet.tests.test_phase52_gate_b_transaction" name="test_wal_rejects_unsafe_blocker_for_every_recovery_state[vault failed-ROLLBACK_BLOCKED_RETRY_REQUIRED]" time="0.001" /><testcase classname="modules.rustdesk-fleet.tests.test_phase52_gate_b_transaction" name="test_wal_rejects_unsafe_blocker_for_every_recovery_state[vault-failed\nnext-line-PRE_BACKUP]" time="0.001" /><testcase classname="modules.rustdesk-fleet.tests.test_phase52_gate_b_transaction" name="test_wal_rejects_unsafe_blocker_for_every_recovery_state[vault-failed\nnext-line-PRE_BACKUP_NO_MUTATION_TERMINAL]" time="0.001" /><testcase classname="modules.rustdesk-fleet.tests.test_phase52_gate_b_transaction" name="test_wal_rejects_unsafe_blocker_for_every_recovery_state[vault-failed\nnext-line-BLOCKED]" time="0.001" /><testcase classname="modules.rustdesk-fleet.tests.test_phase52_gate_b_transaction" name="test_wal_rejects_unsafe_blocker_for_every_recovery_state[vault-failed\nnext-line-ROLLBACK_BLOCKED_RETRY_REQUIRED]" time="0.001" /><testcase classname="modules.rustdesk-fleet.tests.test_phase52_gate_b_transaction" name="test_wal_rejects_unsafe_blocker_for_every_recovery_state[vault failed: SECRET=opaque-sentinel\n/path/to/private-PRE_BACKUP]" time="0.001" /><testcase classname="modules.rustdesk-fleet.tests.test_phase52_gate_b_transaction" name="test_wal_rejects_unsafe_blocker_for_every_recovery_state[vault failed: SECRET=opaque-sentinel\n/path/to/private-PRE_BACKUP_NO_MUTATION_TERMINAL]" time="0.001" /><testcase classname="modules.rustdesk-fleet.tests.test_phase52_gate_b_transaction" name="test_wal_rejects_unsafe_blocker_for_every_recovery_state[vault failed: SECRET=opaque-sentinel\n/path/to/private-BLOCKED]" time="0.002" /><testcase classname="modules.rustdesk-fleet.tests.test_phase52_gate_b_transaction" name="test_wal_rejects_unsafe_blocker_for_every_recovery_state[vault failed: SECRET=opaque-sentinel\n/path/to/private-ROLLBACK_BLOCKED_RETRY_REQUIRED]" time="0.001" /><testcase classname="modules.rustdesk-fleet.tests.test_phase52_gate_b_transaction" name="test_wal_rejects_unsafe_blocker_for_every_recovery_state[/path/to/private-PRE_BACKUP]" time="0.001" /><testcase classname="modules.rustdesk-fleet.tests.test_phase52_gate_b_transaction" name="test_wal_rejects_unsafe_blocker_for_every_recovery_state[/path/to/private-PRE_BACKUP_NO_MUTATION_TERMINAL]" time="0.001" /><testcase classname="modules.rustdesk-fleet.tests.test_phase52_gate_b_transaction" name="test_wal_rejects_unsafe_blocker_for_every_recovery_state[/path/to/private-BLOCKED]" time="0.001" /><testcase classname="modules.rustdesk-fleet.tests.test_phase52_gate_b_transaction" name="test_wal_rejects_unsafe_blocker_for_every_recovery_state[/path/to/private-ROLLBACK_BLOCKED_RETRY_REQUIRED]" time="0.001" /><testcase classname="modules.rustdesk-fleet.tests.test_phase52_gate_b_transaction" name="test_wal_rejects_unsafe_blocker_for_every_recovery_state[aaaaaaaaaaaaaaaaaaaaaaaaaaaaaaaaaaaaaaaaaaaaaaaaaaaaaaaaaaaaaaaaaaaaaaaaaaaaaaaaaaaaaaaaaaaaaaaaaaaaaaaaaaaaaaaaaaaaaaaaaaaaaaaaa-PRE_BACKUP]" time="0.001" /><testcase classname="modules.rustdesk-fleet.tests.test_phase52_gate_b_transaction" name="test_wal_rejects_unsafe_blocker_for_every_recovery_state[aaaaaaaaaaaaaaaaaaaaaaaaaaaaaaaaaaaaaaaaaaaaaaaaaaaaaaaaaaaaaaaaaaaaaaaaaaaaaaaaaaaaaaaaaaaaaaaaaaaaaaaaaaaaaaaaaaaaaaaaaaaaaaaaa-PRE_BACKUP_NO_MUTATION_TERMINAL]" time="0.002" /><testcase classname="modules.rustdesk-fleet.tests.test_phase52_gate_b_transaction" name="test_wal_rejects_unsafe_blocker_for_every_recovery_state[aaaaaaaaaaaaaaaaaaaaaaaaaaaaaaaaaaaaaaaaaaaaaaaaaaaaaaaaaaaaaaaaaaaaaaaaaaaaaaaaaaaaaaaaaaaaaaaaaaaaaaaaaaaaaaaaaaaaaaaaaaaaaaaaa-BLOCKED]" time="0.001" /><testcase classname="modules.rustdesk-fleet.tests.test_phase52_gate_b_transaction" name="test_wal_rejects_unsafe_blocker_for_every_recovery_state[aaaaaaaaaaaaaaaaaaaaaaaaaaaaaaaaaaaaaaaaaaaaaaaaaaaaaaaaaaaaaaaaaaaaaaaaaaaaaaaaaaaaaaaaaaaaaaaaaaaaaaaaaaaaaaaaaaaaaaaaaaaaaaaaa-ROLLBACK_BLOCKED_RETRY_REQUIRED]" time="0.001" /><testcase classname="modules.rustdesk-fleet.tests.test_phase52_gate_b_transaction" name="test_wal_rejects_unsafe_blocker_for_every_recovery_state[opaque-sentinel-PRE_BACKUP]" time="0.001" /><testcase classname="modules.rustdesk-fleet.tests.test_phase52_gate_b_transaction" name="test_wal_rejects_unsafe_blocker_for_every_recovery_state[opaque-sentinel-PRE_BACKUP_NO_MUTATION_TERMINAL]" time="0.001" /><testcase classname="modules.rustdesk-fleet.tests.test_phase52_gate_b_transaction" name="test_wal_rejects_unsafe_blocker_for_every_recovery_state[opaque-sentinel-BLOCKED]" time="0.002" /><testcase classname="modules.rustdesk-fleet.tests.test_phase52_gate_b_transaction" name="test_wal_rejects_unsafe_blocker_for_every_recovery_state[opaque-sentinel-ROLLBACK_BLOCKED_RETRY_REQUIRED]" time="0.001" /><testcase classname="modules.rustdesk-fleet.tests.test_phase52_gate_b_transaction" name="test_pre_backup_rejects_unsafe_wal_blocker_before_artifact_or_backend_mutation" time="0.012" /><testcase classname="modules.rustdesk-fleet.tests.test_phase52_gate_b_transaction" name="test_wal_accepts_strict_blocker_tokens_for_recovery_states" time="0.028" /><testcase classname="modules.rustdesk-fleet.tests.test_phase52_gate_b_transaction" name="test_every_wal_blocker_producer_maps_regex_valid_sensitive_detail_to_fixed_token[backup-pre-backup-failed]" time="0.022" /><testcase classname="modules.rustdesk-fleet.tests.test_phase52_gate_b_transaction" name="test_every_wal_blocker_producer_maps_regex_valid_sensitive_detail_to_fixed_token[install-control-plane-install-failed]" time="0.039" /><testcase classname="modules.rustdesk-fleet.tests.test_phase52_gate_b_transaction" name="test_every_wal_blocker_producer_maps_regex_valid_sensitive_detail_to_fixed_token[restore-control-plane-restore-test-failed]" time="0.047" /><testcase classname="modules.rustdesk-fleet.tests.test_phase52_gate_b_transaction" name="test_every_wal_blocker_producer_maps_regex_valid_sensitive_detail_to_fixed_token[reinstall-control-plane-reinstall-failed]" time="0.062" /><testcase classname="modules.rustdesk-fleet.tests.test_phase52_gate_b_transaction" name="test_every_wal_blocker_producer_maps_regex_valid_sensitive_detail_to_fixed_token[rollback-owned-version-soft-delete-failed]" time="0.126" /><testcase classname="modules.rustdesk-fleet.tests.test_phase52_gate_b_transaction" name="test_executor_entrypoint_never_emits_sensitive_stage_exception_detail[backup-operation-blocked]" time="0.030" /><testcase classname="modules.rustdesk-fleet.tests.test_phase52_gate_b_transaction" name="test_executor_entrypoint_never_emits_sensitive_stage_exception_detail[install-operation-blocked]" time="0.031" /><testcase classname="modules.rustdesk-fleet.tests.test_phase52_gate_b_transaction" name="test_executor_entrypoint_never_emits_sensitive_stage_exception_detail[restore-operation-blocked]" time="0.060" /><testcase classname="modules.rustdesk-fleet.tests.test_phase52_gate_b_transaction" name="test_executor_entrypoint_never_emits_sensitive_stage_exception_detail[reinstall-operation-blocked]" time="0.068" /><testcase classname="modules.rustdesk-fleet.tests.test_phase52_gate_b_transaction" name="test_executor_entrypoint_never_emits_sensitive_stage_exception_detail[rollback-rollback-retry-required]" time="0.162" /><testcase classname="modules.rustdesk-fleet.tests.test_phase52_gate_b_transaction" name="test_executor_entrypoint_uses_only_finite_safe_output_reasons[raft-snapshot-failed-raft-snapshot-failed]" time="0.003" /><testcase classname="modules.rustdesk-fleet.tests.test_phase52_gate_b_transaction" name="test_executor_entrypoint_uses_only_finite_safe_output_reasons[arbitrary-valid-looking-token-operation-blocked]" time="0.003" /><testcase classname="modules.rustdesk-fleet.tests.test_phase52_gate_b_transaction" name="test_executor_entrypoint_uses_only_finite_safe_output_reasons[private detail\n/private/path/opaque-sentinel-operation-blocked]" time="0.003" /><testcase classname="modules.rustdesk-fleet.tests.test_phase52_gate_b_transaction" name="test_executor_entrypoint_uses_only_finite_safe_output_reasons[reason3-operation-blocked]" time="0.003" /><testcase classname="modules.rustdesk-fleet.tests.test_phase52_gate_b_transaction" name="test_executor_entrypoint_cleans_reviewed_tmpfs_when_context_load_fails" time="0.003" /><testcase classname="modules.rustdesk-fleet.tests.test_phase52_gate_b_transaction" name="test_executor_entrypoint_cleanup_failure_is_fail_closed_and_sanitized" time="0.002" /><testcase classname="modules.rustdesk-fleet.tests.test_phase52_gate_b_transaction" name="test_coordinator_entrypoint_never_emits_gate_exception_detail[arbitrary-valid-looking-token]" time="0.003" /><testcase classname="modules.rustdesk-fleet.tests.test_phase52_gate_b_transaction" name="test_coordinator_entrypoint_never_emits_gate_exception_detail[private detail\n/private/path/opaque-sentinel]" time="0.002" /><testcase classname="modules.rustdesk-fleet.tests.test_phase52_gate_b_transaction" name="test_coordinator_entrypoint_never_emits_gate_exception_detail[reason2]" time="0.003" /><testcase classname="modules.rustdesk-fleet.tests.test_phase52_gate_b_transaction" name="test_fault_injection_every_create_is_fail_closed_and_value_free[before-intent-fsync-0]" time="0.086" /><testcase classname="modules.rustdesk-fleet.tests.test_phase52_gate_b_transaction" name="test_fault_injection_every_create_is_fail_closed_and_value_free[before-intent-fsync-1]" time="0.111" /><testcase classname="modules.rustdesk-fleet.tests.test_phase52_gate_b_transaction" name="test_fault_injection_every_create_is_fail_closed_and_value_free[before-intent-fsync-2]" time="0.145" /><testcase classname="modules.rustdesk-fleet.tests.test_phase52_gate_b_transaction" name="test_fault_injection_every_create_is_fail_closed_and_value_free[before-intent-fsync-3]" time="0.173" /><testcase classname="modules.rustdesk-fleet.tests.test_phase52_gate_b_transaction" name="test_fault_injection_every_create_is_fail_closed_and_value_free[before-intent-fsync-4]" time="0.165" /><testcase classname="modules.rustdesk-fleet.tests.test_phase52_gate_b_transaction" name="test_fault_injection_every_create_is_fail_closed_and_value_free[before-intent-fsync-5]" time="0.136" /><testcase classname="modules.rustdesk-fleet.tests.test_phase52_gate_b_transaction" name="test_fault_injection_every_create_is_fail_closed_and_value_free[before-intent-fsync-6]" time="0.204" /><testcase classname="modules.rustdesk-fleet.tests.test_phase52_gate_b_transaction" name="test_fault_injection_every_create_is_fail_closed_and_value_free[after-intent-fsync-0]" time="0.059" /><testcase classname="modules.rustdesk-fleet.tests.test_phase52_gate_b_transaction" name="test_fault_injection_every_create_is_fail_closed_and_value_free[after-intent-fsync-1]" time="0.098" /><testcase classname="modules.rustdesk-fleet.tests.test_phase52_gate_b_transaction" name="test_fault_injection_every_create_is_fail_closed_and_value_free[after-intent-fsync-2]" time="0.164" /><testcase classname="modules.rustdesk-fleet.tests.test_phase52_gate_b_transaction" name="test_fault_injection_every_create_is_fail_closed_and_value_free[after-intent-fsync-3]" time="0.159" /><testcase classname="modules.rustdesk-fleet.tests.test_phase52_gate_b_transaction" name="test_fault_injection_every_create_is_fail_closed_and_value_free[after-intent-fsync-4]" time="0.154" /><testcase classname="modules.rustdesk-fleet.tests.test_phase52_gate_b_transaction" name="test_fault_injection_every_create_is_fail_closed_and_value_free[after-intent-fsync-5]" time="0.206" /><testcase classname="modules.rustdesk-fleet.tests.test_phase52_gate_b_transaction" name="test_fault_injection_every_create_is_fail_closed_and_value_free[after-intent-fsync-6]" time="0.240" /><testcase classname="modules.rustdesk-fleet.tests.test_phase52_gate_b_transaction" name="test_fault_injection_every_create_is_fail_closed_and_value_free[before-intent-rename-0]" time="0.191" /><testcase classname="modules.rustdesk-fleet.tests.test_phase52_gate_b_transaction" name="test_fault_injection_every_create_is_fail_closed_and_value_free[before-intent-rename-1]" time="0.104" /><testcase classname="modules.rustdesk-fleet.tests.test_phase52_gate_b_transaction" name="test_fault_injection_every_create_is_fail_closed_and_value_free[before-intent-rename-2]" time="0.146" /><testcase classname="modules.rustdesk-fleet.tests.test_phase52_gate_b_transaction" name="test_fault_injection_every_create_is_fail_closed_and_value_free[before-intent-rename-3]" time="0.493" /><testcase classname="modules.rustdesk-fleet.tests.test_phase52_gate_b_transaction" name="test_fault_injection_every_create_is_fail_closed_and_value_free[before-intent-rename-4]" time="0.320" /><testcase classname="modules.rustdesk-fleet.tests.test_phase52_gate_b_transaction" name="test_fault_injection_every_create_is_fail_closed_and_value_free[before-intent-rename-5]" time="0.364" /><testcase classname="modules.rustdesk-fleet.tests.test_phase52_gate_b_transaction" name="test_fault_injection_every_create_is_fail_closed_and_value_free[before-intent-rename-6]" time="0.443" /><testcase classname="modules.rustdesk-fleet.tests.test_phase52_gate_b_transaction" name="test_fault_injection_every_create_is_fail_closed_and_value_free[after-intent-rename-0]" time="0.091" /><testcase classname="modules.rustdesk-fleet.tests.test_phase52_gate_b_transaction" name="test_fault_injection_every_create_is_fail_closed_and_value_free[after-intent-rename-1]" time="0.174" /><testcase classname="modules.rustdesk-fleet.tests.test_phase52_gate_b_transaction" name="test_fault_injection_every_create_is_fail_closed_and_value_free[after-intent-rename-2]" time="0.126" /><testcase classname="modules.rustdesk-fleet.tests.test_phase52_gate_b_transaction" name="test_fault_injection_every_create_is_fail_closed_and_value_free[after-intent-rename-3]" time="0.260" /><testcase classname="modules.rustdesk-fleet.tests.test_phase52_gate_b_transaction" name="test_fault_injection_every_create_is_fail_closed_and_value_free[after-intent-rename-4]" time="0.542" /><testcase classname="modules.rustdesk-fleet.tests.test_phase52_gate_b_transaction" name="test_fault_injection_every_create_is_fail_closed_and_value_free[after-intent-rename-5]" time="2.530" /><testcase classname="modules.rustdesk-fleet.tests.test_phase52_gate_b_transaction" name="test_fault_injection_every_create_is_fail_closed_and_value_free[after-intent-rename-6]" time="0.345" /><testcase classname="modules.rustdesk-fleet.tests.test_phase52_gate_b_transaction" name="test_fault_injection_every_create_is_fail_closed_and_value_free[before-put-0]" time="0.110" /><testcase classname="modules.rustdesk-fleet.tests.test_phase52_gate_b_transaction" name="test_fault_injection_every_create_is_fail_closed_and_value_free[before-put-1]" time="0.177" /><testcase classname="modules.rustdesk-fleet.tests.test_phase52_gate_b_transaction" name="test_fault_injection_every_create_is_fail_closed_and_value_free[before-put-2]" time="0.249" /><testcase classname="modules.rustdesk-fleet.tests.test_phase52_gate_b_transaction" name="test_fault_injection_every_create_is_fail_closed_and_value_free[before-put-3]" time="0.223" /><testcase classname="modules.rustdesk-fleet.tests.test_phase52_gate_b_transaction" name="test_fault_injection_every_create_is_fail_closed_and_value_free[before-put-4]" time="0.399" /><testcase classname="modules.rustdesk-fleet.tests.test_phase52_gate_b_transaction" name="test_fault_injection_every_create_is_fail_closed_and_value_free[before-put-5]" time="0.573" /><testcase classname="modules.rustdesk-fleet.tests.test_phase52_gate_b_transaction" name="test_fault_injection_every_create_is_fail_closed_and_value_free[before-put-6]" time="0.596" /><testcase classname="modules.rustdesk-fleet.tests.test_phase52_gate_b_transaction" name="test_fault_injection_every_create_is_fail_closed_and_value_free[after-put-ack-0]" time="0.201" /><testcase classname="modules.rustdesk-fleet.tests.test_phase52_gate_b_transaction" name="test_fault_injection_every_create_is_fail_closed_and_value_free[after-put-ack-1]" time="0.237" /><testcase classname="modules.rustdesk-fleet.tests.test_phase52_gate_b_transaction" name="test_fault_injection_every_create_is_fail_closed_and_value_free[after-put-ack-2]" time="0.215" /><testcase classname="modules.rustdesk-fleet.tests.test_phase52_gate_b_transaction" name="test_fault_injection_every_create_is_fail_closed_and_value_free[after-put-ack-3]" time="0.277" /><testcase classname="modules.rustdesk-fleet.tests.test_phase52_gate_b_transaction" name="test_fault_injection_every_create_is_fail_closed_and_value_free[after-put-ack-4]" time="0.522" /><testcase classname="modules.rustdesk-fleet.tests.test_phase52_gate_b_transaction" name="test_fault_injection_every_create_is_fail_closed_and_value_free[after-put-ack-5]" time="0.496" /><testcase classname="modules.rustdesk-fleet.tests.test_phase52_gate_b_transaction" name="test_fault_injection_every_create_is_fail_closed_and_value_free[after-put-ack-6]" time="0.398" /><testcase classname="modules.rustdesk-fleet.tests.test_phase52_gate_b_transaction" name="test_fault_injection_every_create_is_fail_closed_and_value_free[before-version-fsync-0]" time="0.065" /><testcase classname="modules.rustdesk-fleet.tests.test_phase52_gate_b_transaction" name="test_fault_injection_every_create_is_fail_closed_and_value_free[before-version-fsync-1]" time="0.182" /><testcase classname="modules.rustdesk-fleet.tests.test_phase52_gate_b_transaction" name="test_fault_injection_every_create_is_fail_closed_and_value_free[before-version-fsync-2]" time="0.190" /><testcase classname="modules.rustdesk-fleet.tests.test_phase52_gate_b_transaction" name="test_fault_injection_every_create_is_fail_closed_and_value_free[before-version-fsync-3]" time="0.364" /><testcase classname="modules.rustdesk-fleet.tests.test_phase52_gate_b_transaction" name="test_fault_injection_every_create_is_fail_closed_and_value_free[before-version-fsync-4]" time="0.274" /><testcase classname="modules.rustdesk-fleet.tests.test_phase52_gate_b_transaction" name="test_fault_injection_every_create_is_fail_closed_and_value_free[before-version-fsync-5]" time="0.246" /><testcase classname="modules.rustdesk-fleet.tests.test_phase52_gate_b_transaction" name="test_fault_injection_every_create_is_fail_closed_and_value_free[before-version-fsync-6]" time="0.467" /><testcase classname="modules.rustdesk-fleet.tests.test_phase52_gate_b_transaction" name="test_fault_injection_every_create_is_fail_closed_and_value_free[after-version-fsync-0]" time="0.477" /><testcase classname="modules.rustdesk-fleet.tests.test_phase52_gate_b_transaction" name="test_fault_injection_every_create_is_fail_closed_and_value_free[after-version-fsync-1]" time="0.252" /><testcase classname="modules.rustdesk-fleet.tests.test_phase52_gate_b_transaction" name="test_fault_injection_every_create_is_fail_closed_and_value_free[after-version-fsync-2]" time="0.250" /><testcase classname="modules.rustdesk-fleet.tests.test_phase52_gate_b_transaction" name="test_fault_injection_every_create_is_fail_closed_and_value_free[after-version-fsync-3]" time="0.442" /><testcase classname="modules.rustdesk-fleet.tests.test_phase52_gate_b_transaction" name="test_fault_injection_every_create_is_fail_closed_and_value_free[after-version-fsync-4]" time="0.391" /><testcase classname="modules.rustdesk-fleet.tests.test_phase52_gate_b_transaction" name="test_fault_injection_every_create_is_fail_closed_and_value_free[after-version-fsync-5]" time="1.053" /><testcase classname="modules.rustdesk-fleet.tests.test_phase52_gate_b_transaction" name="test_fault_injection_every_create_is_fail_closed_and_value_free[after-version-fsync-6]" time="0.548" /><testcase classname="modules.rustdesk-fleet.tests.test_phase52_gate_b_transaction" name="test_fault_injection_every_create_is_fail_closed_and_value_free[before-version-rename-0]" time="0.210" /><testcase classname="modules.rustdesk-fleet.tests.test_phase52_gate_b_transaction" name="test_fault_injection_every_create_is_fail_closed_and_value_free[before-version-rename-1]" time="0.364" /><testcase classname="modules.rustdesk-fleet.tests.test_phase52_gate_b_transaction" name="test_fault_injection_every_create_is_fail_closed_and_value_free[before-version-rename-2]" time="0.635" /><testcase classname="modules.rustdesk-fleet.tests.test_phase52_gate_b_transaction" name="test_fault_injection_every_create_is_fail_closed_and_value_free[before-version-rename-3]" time="1.353" /><testcase classname="modules.rustdesk-fleet.tests.test_phase52_gate_b_transaction" name="test_fault_injection_every_create_is_fail_closed_and_value_free[before-version-rename-4]" time="0.418" /><testcase classname="modules.rustdesk-fleet.tests.test_phase52_gate_b_transaction" name="test_fault_injection_every_create_is_fail_closed_and_value_free[before-version-rename-5]" time="0.578" /><testcase classname="modules.rustdesk-fleet.tests.test_phase52_gate_b_transaction" name="test_fault_injection_every_create_is_fail_closed_and_value_free[before-version-rename-6]" time="0.433" /><testcase classname="modules.rustdesk-fleet.tests.test_phase52_gate_b_transaction" name="test_fault_injection_every_create_is_fail_closed_and_value_free[after-version-rename-0]" time="0.093" /><testcase classname="modules.rustdesk-fleet.tests.test_phase52_gate_b_transaction" name="test_fault_injection_every_create_is_fail_closed_and_value_free[after-version-rename-1]" time="0.167" /><testcase classname="modules.rustdesk-fleet.tests.test_phase52_gate_b_transaction" name="test_fault_injection_every_create_is_fail_closed_and_value_free[after-version-rename-2]" time="0.263" /><testcase classname="modules.rustdesk-fleet.tests.test_phase52_gate_b_transaction" name="test_fault_injection_every_create_is_fail_closed_and_value_free[after-version-rename-3]" time="0.193" /><testcase classname="modules.rustdesk-fleet.tests.test_phase52_gate_b_transaction" name="test_fault_injection_every_create_is_fail_closed_and_value_free[after-version-rename-4]" time="0.399" /><testcase classname="modules.rustdesk-fleet.tests.test_phase52_gate_b_transaction" name="test_fault_injection_every_create_is_fail_closed_and_value_free[after-version-rename-5]" time="1.238" /><testcase classname="modules.rustdesk-fleet.tests.test_phase52_gate_b_transaction" name="test_fault_injection_every_create_is_fail_closed_and_value_free[after-version-rename-6]" time="1.738" /><testcase classname="modules.rustdesk-fleet.tests.test_phase52_gate_b_transaction" name="test_restart_with_unacknowledged_visible_create_is_ambiguous_and_never_deletes" time="0.849" /><testcase classname="modules.rustdesk-fleet.tests.test_phase52_gate_b_transaction" name="test_ambiguous_ownership_restore_failure_is_restore_only_retryable" time="0.443" /><testcase classname="modules.rustdesk-fleet.tests.test_phase52_gate_b_transaction" name="test_any_unacknowledged_intent_with_prior_acks_is_ambiguous_and_never_deletes" time="0.323" /><testcase classname="modules.rustdesk-fleet.tests.test_phase52_gate_b_transaction" name="test_restart_with_pristine_unacknowledged_intent_is_ambiguous_and_never_deletes" time="0.171" /><testcase classname="modules.rustdesk-fleet.tests.test_phase52_gate_b_transaction" name="test_metadata_history_or_drift_blocks_before_generation_or_put[metadata0]" time="0.056" /><testcase classname="modules.rustdesk-fleet.tests.test_phase52_gate_b_transaction" name="test_metadata_history_or_drift_blocks_before_generation_or_put[metadata1]" time="0.079" /><testcase classname="modules.rustdesk-fleet.tests.test_phase52_gate_b_transaction" name="test_double_metadata_read_drift_blocks" time="0.171" /><testcase classname="modules.rustdesk-fleet.tests.test_phase52_gate_b_transaction" name="test_metadata_failure_after_install_restores_control_plane" time="0.088" /><testcase classname="modules.rustdesk-fleet.tests.test_phase52_gate_b_transaction" name="test_successful_empty_metadata_json_is_not_pristine" time="0.002" /><testcase classname="modules.rustdesk-fleet.tests.test_phase52_gate_b_transaction" name="test_metadata_exact_kv_v2_absence_is_pristine_and_other_stderr_is_ambiguous" time="0.001" /><testcase classname="modules.rustdesk-fleet.tests.test_phase52_gate_b_transaction" name="test_metadata_success_requires_explicit_kv_schema_and_fields" time="0.002" /><testcase classname="modules.rustdesk-fleet.tests.test_phase52_gate_b_transaction" name="test_local_backend_put_uses_dedicated_stdin_writer" time="0.001" /><testcase classname="modules.rustdesk-fleet.tests.test_phase52_gate_b_transaction" name="test_dedicated_writer_forwards_exact_json_only_over_interactive_stdin" time="0.442" /><testcase classname="modules.rustdesk-fleet.tests.test_phase52_gate_b_transaction" name="test_dedicated_writer_rejects_path_shape_duplicates_and_oversize[path]" time="0.053" /><testcase classname="modules.rustdesk-fleet.tests.test_phase52_gate_b_transaction" name="test_dedicated_writer_rejects_path_shape_duplicates_and_oversize[extra-field]" time="0.049" /><testcase classname="modules.rustdesk-fleet.tests.test_phase52_gate_b_transaction" name="test_dedicated_writer_rejects_path_shape_duplicates_and_oversize[duplicate-field]" time="0.067" /><testcase classname="modules.rustdesk-fleet.tests.test_phase52_gate_b_transaction" name="test_dedicated_writer_rejects_path_shape_duplicates_and_oversize[oversize]" time="0.057" /><testcase classname="modules.rustdesk-fleet.tests.test_phase52_gate_b_transaction" name="test_generator_uses_isolated_hbbs_keypair_and_cleans_container" time="0.005" /><testcase classname="modules.rustdesk-fleet.tests.test_phase52_gate_b_transaction" name="test_generator_cleans_ambiguous_create_side_effect" time="0.002" /><testcase classname="modules.rustdesk-fleet.tests.test_phase52_gate_b_transaction" name="test_zero_ack_post_backup_resume_restores_bundle_and_becomes_terminal[BACKUP_PROVED]" time="0.066" /><testcase classname="modules.rustdesk-fleet.tests.test_phase52_gate_b_transaction" name="test_zero_ack_post_backup_resume_restores_bundle_and_becomes_terminal[CONTROL_PLANE_INSTALLING]" time="0.099" /><testcase classname="modules.rustdesk-fleet.tests.test_phase52_gate_b_transaction" name="test_zero_ack_post_backup_resume_restores_bundle_and_becomes_terminal[CONTROL_PLANE_INSTALLED]" time="0.054" /><testcase classname="modules.rustdesk-fleet.tests.test_phase52_gate_b_transaction" name="test_zero_ack_post_backup_resume_restores_bundle_and_becomes_terminal[METADATA_PROVED_PRISTINE]" time="0.098" /><testcase classname="modules.rustdesk-fleet.tests.test_phase52_gate_b_transaction" name="test_zero_ack_post_backup_resume_restores_bundle_and_becomes_terminal[CREATING]" time="0.040" /><testcase classname="modules.rustdesk-fleet.tests.test_phase52_gate_b_transaction" name="test_install_intent_is_fsynced_before_control_plane_mutation" time="0.021" /><testcase classname="modules.rustdesk-fleet.tests.test_phase52_gate_b_transaction" name="test_restart_after_any_ack_rolls_back_owned_and_requires_reauthorization[after-version-rename]" time="0.135" /><testcase classname="modules.rustdesk-fleet.tests.test_phase52_gate_b_transaction" name="test_corrupt_backup_blocks_control_plane_install_and_put" time="0.034" /><testcase classname="modules.rustdesk-fleet.tests.test_phase52_gate_b_transaction" name="test_cas_conflict_restores_control_plane_and_soft_deletes_only_owned_versions" time="0.328" /><testcase classname="modules.rustdesk-fleet.tests.test_phase52_gate_b_transaction" name="test_interrupted_rollback_retries_only_exact_owned_versions_then_is_terminal" time="0.828" /><testcase classname="modules.rustdesk-fleet.tests.test_phase52_gate_b_transaction" name="test_zero_ack_rollback_retry_state_only_retries_restore_and_never_puts" time="0.169" /><testcase classname="modules.rustdesk-fleet.tests.test_phase52_gate_b_transaction" name="test_initial_install_restore_failure_persists_retry_before_resume" time="0.148" /><testcase classname="modules.rustdesk-fleet.tests.test_phase52_gate_b_transaction" name="test_initial_install_failure_persists_terminal_evidence_after_restore" time="0.241" /><testcase classname="modules.rustdesk-fleet.tests.test_phase52_gate_b_transaction" name="test_pre_reinstall_restore_double_failure_persists_retry_and_resume_is_restore_only" time="0.079" /><testcase classname="modules.rustdesk-fleet.tests.test_phase52_gate_b_transaction" name="test_pre_reinstall_restore_retry_remains_retryable_after_repeated_failure" time="0.054" /><testcase classname="modules.rustdesk-fleet.tests.test_phase52_gate_b_transaction" name="test_rollback_retry_with_any_unacknowledged_intent_normalizes_to_ambiguous_without_delete[0:before-put]" time="0.140" /><testcase classname="modules.rustdesk-fleet.tests.test_phase52_gate_b_transaction" name="test_rollback_retry_with_any_unacknowledged_intent_normalizes_to_ambiguous_without_delete[2:after-put-ack]" time="0.413" /><testcase classname="modules.rustdesk-fleet.tests.test_phase52_gate_b_transaction" name="test_rollback_retry_projection_rejects_trailing_and_nontrailing_intents" time="0.001" /><testcase classname="modules.rustdesk-fleet.tests.test_phase52_gate_b_transaction" name="test_resume_pass_revalidates_complete_wal_proofs_and_never_trusts_evidence_directly" time="0.447" /><testcase classname="modules.rustdesk-fleet.tests.test_phase52_gate_b_transaction" name="test_lock_contention_blocks_without_mutation" time="0.002" /><testcase classname="modules.rustdesk-fleet.tests.test_phase52_gate_b_transaction" name="test_backup_root_symlink_and_symlink_ancestor_are_rejected" time="0.005" /><testcase classname="modules.rustdesk-fleet.tests.test_phase52_gate_b_transaction" name="test_live_root_must_equal_contract_root" time="0.002" /><testcase classname="modules.rustdesk-fleet.tests.test_phase52_gate_b_transaction" name="test_fsync_file_and_parent_is_explicit" time="0.032" /><testcase classname="modules.rustdesk-fleet.tests.test_phase52_gate_b_transaction" name="test_root_backup_modes_and_redacted_ledger" time="0.545" /><testcase classname="modules.rustdesk-fleet.tests.test_phase52_gate_b_transaction" name="test_preflight_candidate_binds_gate_a_and_managed_sources" time="0.049"><failure message="run_phase52_gate_b.GateBlocked: gate-a-managed-source-drift">tmp_path = PosixPath('/tmp/pytest-of-ubuntu/pytest-506/test_preflight_candidate_binds0')

    def test_preflight_candidate_binds_gate_a_and_managed_sources(tmp_path):
        seal = tmp_path / "seal.json"
&gt;       result = gate.preflight(REPO, seal, run_self_tests=True)

modules/rustdesk-fleet/tests/test_phase52_gate_b_transaction.py:1417: 
_ _ _ _ _ _ _ _ _ _ _ _ _ _ _ _ _ _ _ _ _ _ _ _ _ _ _ _ _ _ _ _ _ _ _ _ _ _ _ _ 
modules/rustdesk-fleet/tools/run-phase52-gate-b.py:305: in preflight
    gate_a = _gate_a_projection(repo)
_ _ _ _ _ _ _ _ _ _ _ _ _ _ _ _ _ _ _ _ _ _ _ _ _ _ _ _ _ _ _ _ _ _ _ _ _ _ _ _ 

repo = PosixPath('/home/ubuntu/GitHub/omni-srv-admin')

    def _gate_a_projection(repo: Path) -&gt; dict[str, Any]:
        path = repo / GATE_A_REL
        payload = load_json(path)
        if not isinstance(payload, dict) or payload.get("status") != "PASS":
            raise GateBlocked("gate-a-not-pass")
        rows = payload.get("managed_sources")
        if not isinstance(rows, list) or not rows:
            raise GateBlocked("gate-a-managed-sources-invalid")
        normalized = []
        seen = set()
        for row in rows:
            if not isinstance(row, dict) or set(row) != {"path", "sha256"}:
                raise GateBlocked("gate-a-managed-sources-invalid")
            relative = row["path"]
            digest = row["sha256"]
            if not isinstance(relative, str) or relative in seen or not isinstance(digest, str):
                raise GateBlocked("gate-a-managed-sources-invalid")
            resolved = (repo / relative).resolve()
            try:
                resolved.relative_to(repo.resolve())
            except ValueError as exc:
                raise GateBlocked("gate-a-managed-source-outside-repo") from exc
            if not resolved.is_file() or resolved.is_symlink() or sha256_file(resolved) != digest:
&gt;               raise GateBlocked("gate-a-managed-source-drift")
E               run_phase52_gate_b.GateBlocked: gate-a-managed-source-drift

modules/rustdesk-fleet/tools/run-phase52-gate-b.py:161: GateBlocked</failure></testcase><testcase classname="modules.rustdesk-fleet.tests.test_phase52_gate_b_transaction" name="test_finalize_requires_two_distinct_pass_reviews_on_exact_hash_set" time="0.006"><failure message="run_phase52_gate_b.GateBlocked: gate-a-managed-source-drift">tmp_path = PosixPath('/tmp/pytest-of-ubuntu/pytest-506/test_finalize_requires_two_dis0')

    def test_finalize_requires_two_distinct_pass_reviews_on_exact_hash_set(tmp_path):
        seal = tmp_path / "seal.json"
&gt;       candidate = gate.preflight(REPO, seal, run_self_tests=True)

modules/rustdesk-fleet/tests/test_phase52_gate_b_transaction.py:1431: 
_ _ _ _ _ _ _ _ _ _ _ _ _ _ _ _ _ _ _ _ _ _ _ _ _ _ _ _ _ _ _ _ _ _ _ _ _ _ _ _ 
modules/rustdesk-fleet/tools/run-phase52-gate-b.py:305: in preflight
    gate_a = _gate_a_projection(repo)
_ _ _ _ _ _ _ _ _ _ _ _ _ _ _ _ _ _ _ _ _ _ _ _ _ _ _ _ _ _ _ _ _ _ _ _ _ _ _ _ 

repo = PosixPath('/home/ubuntu/GitHub/omni-srv-admin')

    def _gate_a_projection(repo: Path) -&gt; dict[str, Any]:
        path = repo / GATE_A_REL
        payload = load_json(path)
        if not isinstance(payload, dict) or payload.get("status") != "PASS":
            raise GateBlocked("gate-a-not-pass")
        rows = payload.get("managed_sources")
        if not isinstance(rows, list) or not rows:
            raise GateBlocked("gate-a-managed-sources-invalid")
        normalized = []
        seen = set()
        for row in rows:
            if not isinstance(row, dict) or set(row) != {"path", "sha256"}:
                raise GateBlocked("gate-a-managed-sources-invalid")
            relative = row["path"]
            digest = row["sha256"]
            if not isinstance(relative, str) or relative in seen or not isinstance(digest, str):
                raise GateBlocked("gate-a-managed-sources-invalid")
            resolved = (repo / relative).resolve()
            try:
                resolved.relative_to(repo.resolve())
            except ValueError as exc:
                raise GateBlocked("gate-a-managed-source-outside-repo") from exc
            if not resolved.is_file() or resolved.is_symlink() or sha256_file(resolved) != digest:
&gt;               raise GateBlocked("gate-a-managed-source-drift")
E               run_phase52_gate_b.GateBlocked: gate-a-managed-source-drift

modules/rustdesk-fleet/tools/run-phase52-gate-b.py:161: GateBlocked</failure></testcase><testcase classname="modules.rustdesk-fleet.tests.test_phase52_gate_b_transaction" name="test_finalize_requires_exact_offline_check_schema_and_counts[&lt;lambda&gt;0]" time="0.005"><failure message="run_phase52_gate_b.GateBlocked: gate-a-managed-source-drift">tmp_path = PosixPath('/tmp/pytest-of-ubuntu/pytest-506/test_finalize_requires_exact_o0')
mutator = &lt;function &lt;lambda&gt; at 0xef73a10b5440&gt;

    @pytest.mark.parametrize(
        "mutator",
        [
            lambda checks: checks.__setitem__("success_write_count", 0),
            lambda checks: checks.__setitem__("cas_conflict_owned_rollback_count", 0),
            lambda checks: checks.__setitem__("network_performed", 0),
            lambda checks: checks.__setitem__("unexpected", False),
        ],
    )
    def test_finalize_requires_exact_offline_check_schema_and_counts(tmp_path, mutator):
        seal = tmp_path / "seal.json"
&gt;       candidate = gate.preflight(REPO, seal, run_self_tests=True)

modules/rustdesk-fleet/tests/test_phase52_gate_b_transaction.py:1456: 
_ _ _ _ _ _ _ _ _ _ _ _ _ _ _ _ _ _ _ _ _ _ _ _ _ _ _ _ _ _ _ _ _ _ _ _ _ _ _ _ 
modules/rustdesk-fleet/tools/run-phase52-gate-b.py:305: in preflight
    gate_a = _gate_a_projection(repo)
_ _ _ _ _ _ _ _ _ _ _ _ _ _ _ _ _ _ _ _ _ _ _ _ _ _ _ _ _ _ _ _ _ _ _ _ _ _ _ _ 

repo = PosixPath('/home/ubuntu/GitHub/omni-srv-admin')

    def _gate_a_projection(repo: Path) -&gt; dict[str, Any]:
        path = repo / GATE_A_REL
        payload = load_json(path)
        if not isinstance(payload, dict) or payload.get("status") != "PASS":
            raise GateBlocked("gate-a-not-pass")
        rows = payload.get("managed_sources")
        if not isinstance(rows, list) or not rows:
            raise GateBlocked("gate-a-managed-sources-invalid")
        normalized = []
        seen = set()
        for row in rows:
            if not isinstance(row, dict) or set(row) != {"path", "sha256"}:
                raise GateBlocked("gate-a-managed-sources-invalid")
            relative = row["path"]
            digest = row["sha256"]
            if not isinstance(relative, str) or relative in seen or not isinstance(digest, str):
                raise GateBlocked("gate-a-managed-sources-invalid")
            resolved = (repo / relative).resolve()
            try:
                resolved.relative_to(repo.resolve())
            except ValueError as exc:
                raise GateBlocked("gate-a-managed-source-outside-repo") from exc
            if not resolved.is_file() or resolved.is_symlink() or sha256_file(resolved) != digest:
&gt;               raise GateBlocked("gate-a-managed-source-drift")
E               run_phase52_gate_b.GateBlocked: gate-a-managed-source-drift

modules/rustdesk-fleet/tools/run-phase52-gate-b.py:161: GateBlocked</failure></testcase><testcase classname="modules.rustdesk-fleet.tests.test_phase52_gate_b_transaction" name="test_finalize_requires_exact_offline_check_schema_and_counts[&lt;lambda&gt;1]" time="0.006"><failure message="run_phase52_gate_b.GateBlocked: gate-a-managed-source-drift">tmp_path = PosixPath('/tmp/pytest-of-ubuntu/pytest-506/test_finalize_requires_exact_o1')
mutator = &lt;function &lt;lambda&gt; at 0xef73a10b54e0&gt;

    @pytest.mark.parametrize(
        "mutator",
        [
            lambda checks: checks.__setitem__("success_write_count", 0),
            lambda checks: checks.__setitem__("cas_conflict_owned_rollback_count", 0),
            lambda checks: checks.__setitem__("network_performed", 0),
            lambda checks: checks.__setitem__("unexpected", False),
        ],
    )
    def test_finalize_requires_exact_offline_check_schema_and_counts(tmp_path, mutator):
        seal = tmp_path / "seal.json"
&gt;       candidate = gate.preflight(REPO, seal, run_self_tests=True)

modules/rustdesk-fleet/tests/test_phase52_gate_b_transaction.py:1456: 
_ _ _ _ _ _ _ _ _ _ _ _ _ _ _ _ _ _ _ _ _ _ _ _ _ _ _ _ _ _ _ _ _ _ _ _ _ _ _ _ 
modules/rustdesk-fleet/tools/run-phase52-gate-b.py:305: in preflight
    gate_a = _gate_a_projection(repo)
_ _ _ _ _ _ _ _ _ _ _ _ _ _ _ _ _ _ _ _ _ _ _ _ _ _ _ _ _ _ _ _ _ _ _ _ _ _ _ _ 

repo = PosixPath('/home/ubuntu/GitHub/omni-srv-admin')

    def _gate_a_projection(repo: Path) -&gt; dict[str, Any]:
        path = repo / GATE_A_REL
        payload = load_json(path)
        if not isinstance(payload, dict) or payload.get("status") != "PASS":
            raise GateBlocked("gate-a-not-pass")
        rows = payload.get("managed_sources")
        if not isinstance(rows, list) or not rows:
            raise GateBlocked("gate-a-managed-sources-invalid")
        normalized = []
        seen = set()
        for row in rows:
            if not isinstance(row, dict) or set(row) != {"path", "sha256"}:
                raise GateBlocked("gate-a-managed-sources-invalid")
            relative = row["path"]
            digest = row["sha256"]
            if not isinstance(relative, str) or relative in seen or not isinstance(digest, str):
                raise GateBlocked("gate-a-managed-sources-invalid")
            resolved = (repo / relative).resolve()
            try:
                resolved.relative_to(repo.resolve())
            except ValueError as exc:
                raise GateBlocked("gate-a-managed-source-outside-repo") from exc
            if not resolved.is_file() or resolved.is_symlink() or sha256_file(resolved) != digest:
&gt;               raise GateBlocked("gate-a-managed-source-drift")
E               run_phase52_gate_b.GateBlocked: gate-a-managed-source-drift

modules/rustdesk-fleet/tools/run-phase52-gate-b.py:161: GateBlocked</failure></testcase><testcase classname="modules.rustdesk-fleet.tests.test_phase52_gate_b_transaction" name="test_finalize_requires_exact_offline_check_schema_and_counts[&lt;lambda&gt;2]" time="0.008"><failure message="run_phase52_gate_b.GateBlocked: gate-a-managed-source-drift">tmp_path = PosixPath('/tmp/pytest-of-ubuntu/pytest-506/test_finalize_requires_exact_o2')
mutator = &lt;function &lt;lambda&gt; at 0xef73a10b5580&gt;

    @pytest.mark.parametrize(
        "mutator",
        [
            lambda checks: checks.__setitem__("success_write_count", 0),
            lambda checks: checks.__setitem__("cas_conflict_owned_rollback_count", 0),
            lambda checks: checks.__setitem__("network_performed", 0),
            lambda checks: checks.__setitem__("unexpected", False),
        ],
    )
    def test_finalize_requires_exact_offline_check_schema_and_counts(tmp_path, mutator):
        seal = tmp_path / "seal.json"
&gt;       candidate = gate.preflight(REPO, seal, run_self_tests=True)

modules/rustdesk-fleet/tests/test_phase52_gate_b_transaction.py:1456: 
_ _ _ _ _ _ _ _ _ _ _ _ _ _ _ _ _ _ _ _ _ _ _ _ _ _ _ _ _ _ _ _ _ _ _ _ _ _ _ _ 
modules/rustdesk-fleet/tools/run-phase52-gate-b.py:305: in preflight
    gate_a = _gate_a_projection(repo)
_ _ _ _ _ _ _ _ _ _ _ _ _ _ _ _ _ _ _ _ _ _ _ _ _ _ _ _ _ _ _ _ _ _ _ _ _ _ _ _ 

repo = PosixPath('/home/ubuntu/GitHub/omni-srv-admin')

    def _gate_a_projection(repo: Path) -&gt; dict[str, Any]:
        path = repo / GATE_A_REL
        payload = load_json(path)
        if not isinstance(payload, dict) or payload.get("status") != "PASS":
            raise GateBlocked("gate-a-not-pass")
        rows = payload.get("managed_sources")
        if not isinstance(rows, list) or not rows:
            raise GateBlocked("gate-a-managed-sources-invalid")
        normalized = []
        seen = set()
        for row in rows:
            if not isinstance(row, dict) or set(row) != {"path", "sha256"}:
                raise GateBlocked("gate-a-managed-sources-invalid")
            relative = row["path"]
            digest = row["sha256"]
            if not isinstance(relative, str) or relative in seen or not isinstance(digest, str):
                raise GateBlocked("gate-a-managed-sources-invalid")
            resolved = (repo / relative).resolve()
            try:
                resolved.relative_to(repo.resolve())
            except ValueError as exc:
                raise GateBlocked("gate-a-managed-source-outside-repo") from exc
            if not resolved.is_file() or resolved.is_symlink() or sha256_file(resolved) != digest:
&gt;               raise GateBlocked("gate-a-managed-source-drift")
E               run_phase52_gate_b.GateBlocked: gate-a-managed-source-drift

modules/rustdesk-fleet/tools/run-phase52-gate-b.py:161: GateBlocked</failure></testcase><testcase classname="modules.rustdesk-fleet.tests.test_phase52_gate_b_transaction" name="test_finalize_requires_exact_offline_check_schema_and_counts[&lt;lambda&gt;3]" time="0.007"><failure message="run_phase52_gate_b.GateBlocked: gate-a-managed-source-drift">tmp_path = PosixPath('/tmp/pytest-of-ubuntu/pytest-506/test_finalize_requires_exact_o3')
mutator = &lt;function &lt;lambda&gt; at 0xef73a10b5620&gt;

    @pytest.mark.parametrize(
        "mutator",
        [
            lambda checks: checks.__setitem__("success_write_count", 0),
            lambda checks: checks.__setitem__("cas_conflict_owned_rollback_count", 0),
            lambda checks: checks.__setitem__("network_performed", 0),
            lambda checks: checks.__setitem__("unexpected", False),
        ],
    )
    def test_finalize_requires_exact_offline_check_schema_and_counts(tmp_path, mutator):
        seal = tmp_path / "seal.json"
&gt;       candidate = gate.preflight(REPO, seal, run_self_tests=True)

modules/rustdesk-fleet/tests/test_phase52_gate_b_transaction.py:1456: 
_ _ _ _ _ _ _ _ _ _ _ _ _ _ _ _ _ _ _ _ _ _ _ _ _ _ _ _ _ _ _ _ _ _ _ _ _ _ _ _ 
modules/rustdesk-fleet/tools/run-phase52-gate-b.py:305: in preflight
    gate_a = _gate_a_projection(repo)
_ _ _ _ _ _ _ _ _ _ _ _ _ _ _ _ _ _ _ _ _ _ _ _ _ _ _ _ _ _ _ _ _ _ _ _ _ _ _ _ 

repo = PosixPath('/home/ubuntu/GitHub/omni-srv-admin')

    def _gate_a_projection(repo: Path) -&gt; dict[str, Any]:
        path = repo / GATE_A_REL
        payload = load_json(path)
        if not isinstance(payload, dict) or payload.get("status") != "PASS":
            raise GateBlocked("gate-a-not-pass")
        rows = payload.get("managed_sources")
        if not isinstance(rows, list) or not rows:
            raise GateBlocked("gate-a-managed-sources-invalid")
        normalized = []
        seen = set()
        for row in rows:
            if not isinstance(row, dict) or set(row) != {"path", "sha256"}:
                raise GateBlocked("gate-a-managed-sources-invalid")
            relative = row["path"]
            digest = row["sha256"]
            if not isinstance(relative, str) or relative in seen or not isinstance(digest, str):
                raise GateBlocked("gate-a-managed-sources-invalid")
            resolved = (repo / relative).resolve()
            try:
                resolved.relative_to(repo.resolve())
            except ValueError as exc:
                raise GateBlocked("gate-a-managed-source-outside-repo") from exc
            if not resolved.is_file() or resolved.is_symlink() or sha256_file(resolved) != digest:
&gt;               raise GateBlocked("gate-a-managed-source-drift")
E               run_phase52_gate_b.GateBlocked: gate-a-managed-source-drift

modules/rustdesk-fleet/tools/run-phase52-gate-b.py:161: GateBlocked</failure></testcase><testcase classname="modules.rustdesk-fleet.tests.test_phase52_gate_b_transaction" name="test_remote_result_requires_exact_authorized_rows_versions_and_accounting" time="0.006" /><testcase classname="modules.rustdesk-fleet.tests.test_phase52_gate_b_transaction" name="test_recovery_result_rejects_impossible_status_write_ownership_combinations" time="0.001" /><testcase classname="modules.rustdesk-fleet.tests.test_phase52_gate_b_transaction" name="test_recovery_result_accepts_zero_ack_restore_retry_without_live_write" time="0.001" /><testcase classname="modules.rustdesk-fleet.tests.test_phase52_gate_b_transaction" name="test_status_reconciliation_uses_wal_as_authority_and_never_invents_zero_writes" time="0.001" /><testcase classname="modules.rustdesk-fleet.tests.test_phase52_gate_b_transaction" name="test_status_reconciliation_reports_terminal_and_ambiguous_wal_not_stale_evidence" time="0.001" /><testcase classname="modules.rustdesk-fleet.tests.test_phase52_gate_b_transaction" name="test_status_reconciliation_accepts_only_earlier_prewrite_evidence" time="0.001" /><testcase classname="modules.rustdesk-fleet.tests.test_phase52_gate_b_transaction" name="test_isolated_restore_identity_rejects_noop_snapshot_post" time="0.001" /><testcase classname="modules.rustdesk-fleet.tests.test_phase52_gate_b_transaction" name="test_raft_snapshot_bridges_container_namespace_and_cleans_temp" time="0.186" /><testcase classname="modules.rustdesk-fleet.tests.test_phase52_gate_b_transaction" name="test_raft_snapshot_bridge_failure_is_sanitized_and_removes_host_partial[save]" time="0.026" /><testcase classname="modules.rustdesk-fleet.tests.test_phase52_gate_b_transaction" name="test_raft_snapshot_bridge_failure_is_sanitized_and_removes_host_partial[copy]" time="0.026" /><testcase classname="modules.rustdesk-fleet.tests.test_phase52_gate_b_transaction" name="test_raft_snapshot_bridge_failure_is_sanitized_and_removes_host_partial[cleanup]" time="0.039" /><testcase classname="modules.rustdesk-fleet.tests.test_phase52_gate_b_transaction" name="test_raft_snapshot_bridge_failure_is_sanitized_and_removes_host_partial[cleanup_oserror]" time="0.047" /><testcase classname="modules.rustdesk-fleet.tests.test_phase52_gate_b_transaction" name="test_raft_snapshot_bridge_rejects_empty_staged_snapshot" time="0.010" /><testcase classname="modules.rustdesk-fleet.tests.test_phase52_gate_b_transaction" name="test_raft_snapshot_bridge_rejects_invalid_staged_identity[symlink]" time="0.013" /><testcase classname="modules.rustdesk-fleet.tests.test_phase52_gate_b_transaction" name="test_raft_snapshot_bridge_rejects_invalid_staged_identity[directory]" time="0.010" /><testcase classname="modules.rustdesk-fleet.tests.test_phase52_gate_b_transaction" name="test_raft_snapshot_bridge_rejects_invalid_staged_identity[hardlink]" time="0.015" /><testcase classname="modules.rustdesk-fleet.tests.test_phase52_gate_b_transaction" name="test_raft_snapshot_bridge_rejects_invalid_staged_identity[wrong_uid]" time="0.016" /><testcase classname="modules.rustdesk-fleet.tests.test_phase52_gate_b_transaction" name="test_raft_snapshot_bridge_publish_race_never_overwrites_competitor" time="0.034" /><testcase classname="modules.rustdesk-fleet.tests.test_phase52_gate_b_transaction" name="test_raft_snapshot_bridge_mkdtemp_failure_is_sanitized" time="0.003" /><testcase classname="modules.rustdesk-fleet.tests.test_phase52_gate_b_transaction" name="test_raft_snapshot_bridge_staging_setup_failure_is_sanitized_and_cleaned" time="0.010" /><testcase classname="modules.rustdesk-fleet.tests.test_phase52_gate_b_transaction" name="test_raft_snapshot_bridge_rejects_preexisting_host_target" time="0.004" /><testcase classname="modules.rustdesk-fleet.tests.test_phase52_gate_b_transaction" name="test_raft_snapshot_bridge_rejects_preexisting_dangling_symlink_without_commands" time="0.003" /><testcase classname="modules.rustdesk-fleet.tests.test_phase52_gate_b_transaction" name="test_container_vault_binary_is_bound_to_running_overlay_inode" time="0.015" /><testcase classname="modules.rustdesk-fleet.tests.test_phase52_gate_b_transaction" name="test_container_vault_binary_rejects_untrusted_runtime_identity[stopped]" time="0.002" /><testcase classname="modules.rustdesk-fleet.tests.test_phase52_gate_b_transaction" name="test_container_vault_binary_rejects_untrusted_runtime_identity[symlink]" time="0.022" /><testcase classname="modules.rustdesk-fleet.tests.test_phase52_gate_b_transaction" name="test_container_vault_binary_rejects_untrusted_runtime_identity[hardlink]" time="0.002" /><testcase classname="modules.rustdesk-fleet.tests.test_phase52_gate_b_transaction" name="test_container_vault_binary_rejects_untrusted_runtime_identity[outside]" time="0.003" /><testcase classname="modules.rustdesk-fleet.tests.test_phase52_gate_b_transaction" name="test_isolated_restore_command_uses_validated_container_vault_binary" time="0.002" /><testcase classname="modules.rustdesk-fleet.tests.test_phase52_gate_b_transaction" name="test_control_plane_tree_backup_restores_exact_state_and_absence" time="0.796" /><testcase classname="modules.rustdesk-fleet.tests.test_phase52_gate_b_transaction" name="test_control_plane_tree_restore_rejects_symlink_without_deleting" time="0.228" /><testcase classname="modules.rustdesk-fleet.tests.test_phase52_gate_b_transaction" name="test_restore_prevalidates_every_payload_before_first_live_mutation" time="0.164" /><testcase classname="modules.rustdesk-fleet.tests.test_phase52_gate_b_transaction" name="test_approved_fingerprint_is_external_and_observed_must_match" time="0.002" /><testcase classname="modules.rustdesk-fleet.tests.test_phase52_gate_b_transaction" name="test_direct_first_route_uses_fallback_only_after_direct_probe_failure" time="0.020" /><testcase classname="modules.rustdesk-fleet.tests.test_phase52_gate_b_transaction" name="test_both_route_probes_failed_is_confirmed_pre_send_block_not_outcome_ambiguity" time="0.036" /><testcase classname="modules.rustdesk-fleet.tests.test_phase52_gate_b_transaction" name="test_recovery_route_block_preserves_known_transaction_but_never_invents_zero" time="0.030" /><testcase classname="modules.rustdesk-fleet.tests.test_phase52_gate_b_transaction" name="test_remote_recovery_protocol_is_versioned_hash_bound_and_explicit" time="0.004" /><testcase classname="modules.rustdesk-fleet.tests.test_phase52_gate_b_transaction" name="test_finalize_rejects_stale_source_and_execute_live_never_reaches_network" time="0.019"><failure message="run_phase52_gate_b.GateBlocked: gate-a-managed-source-drift">monkeypatch = &lt;_pytest.monkeypatch.MonkeyPatch object at 0xef73a08e6840&gt;
tmp_path = PosixPath('/tmp/pytest-of-ubuntu/pytest-506/test_finalize_rejects_stale_so0')

    def test_finalize_rejects_stale_source_and_execute_live_never_reaches_network(monkeypatch, tmp_path):
        seal = tmp_path / "seal.json"
&gt;       candidate = gate.preflight(REPO, seal, run_self_tests=True)

modules/rustdesk-fleet/tests/test_phase52_gate_b_transaction.py:2102: 
_ _ _ _ _ _ _ _ _ _ _ _ _ _ _ _ _ _ _ _ _ _ _ _ _ _ _ _ _ _ _ _ _ _ _ _ _ _ _ _ 
modules/rustdesk-fleet/tools/run-phase52-gate-b.py:305: in preflight
    gate_a = _gate_a_projection(repo)
_ _ _ _ _ _ _ _ _ _ _ _ _ _ _ _ _ _ _ _ _ _ _ _ _ _ _ _ _ _ _ _ _ _ _ _ _ _ _ _ 

repo = PosixPath('/home/ubuntu/GitHub/omni-srv-admin')

    def _gate_a_projection(repo: Path) -&gt; dict[str, Any]:
        path = repo / GATE_A_REL
        payload = load_json(path)
        if not isinstance(payload, dict) or payload.get("status") != "PASS":
            raise GateBlocked("gate-a-not-pass")
        rows = payload.get("managed_sources")
        if not isinstance(rows, list) or not rows:
            raise GateBlocked("gate-a-managed-sources-invalid")
        normalized = []
        seen = set()
        for row in rows:
            if not isinstance(row, dict) or set(row) != {"path", "sha256"}:
                raise GateBlocked("gate-a-managed-sources-invalid")
            relative = row["path"]
            digest = row["sha256"]
            if not isinstance(relative, str) or relative in seen or not isinstance(digest, str):
                raise GateBlocked("gate-a-managed-sources-invalid")
            resolved = (repo / relative).resolve()
            try:
                resolved.relative_to(repo.resolve())
            except ValueError as exc:
                raise GateBlocked("gate-a-managed-source-outside-repo") from exc
            if not resolved.is_file() or resolved.is_symlink() or sha256_file(resolved) != digest:
&gt;               raise GateBlocked("gate-a-managed-source-drift")
E               run_phase52_gate_b.GateBlocked: gate-a-managed-source-drift

modules/rustdesk-fleet/tools/run-phase52-gate-b.py:161: GateBlocked</failure></testcase><testcase classname="modules.rustdesk-fleet.tests.test_phase52_gate_b_transaction" name="test_transport_failure_persists_redacted_ambiguous_projection_without_retry" time="0.033" /><testcase classname="modules.rustdesk-fleet.tests.test_phase52_gate_b_transaction" name="test_cli_without_explicit_execute_live_is_local_only" time="0.009"><failure message="AssertionError: assert 2 == 0&#10; +  where 2 = &lt;function main at 0xef73a10ae840&gt;(['preflight', '--repo', '/home/ubuntu/GitHub/omni-srv-admin', '--seal', '/tmp/pytest-of-ubuntu/pytest-506/test_cli_without_explicit_exec0/seal.json', '--skip-self-tests'])&#10; +    where &lt;function main at 0xef73a10ae840&gt; = gate.main">monkeypatch = &lt;_pytest.monkeypatch.MonkeyPatch object at 0xef73a08e7d10&gt;
tmp_path = PosixPath('/tmp/pytest-of-ubuntu/pytest-506/test_cli_without_explicit_exec0')

    def test_cli_without_explicit_execute_live_is_local_only(monkeypatch, tmp_path):
        called = False
        def forbidden(*args, **kwargs):
            nonlocal called
            called = True
            raise AssertionError("network attempted")
        monkeypatch.setattr(subprocess, "Popen", forbidden)
        seal = tmp_path / "seal.json"
&gt;       assert gate.main(["preflight", "--repo", str(REPO), "--seal", str(seal), "--skip-self-tests"]) == 0
E       AssertionError: assert 2 == 0
E        +  where 2 = &lt;function main at 0xef73a10ae840&gt;(['preflight', '--repo', '/home/ubuntu/GitHub/omni-srv-admin', '--seal', '/tmp/pytest-of-ubuntu/pytest-506/test_cli_without_explicit_exec0/seal.json', '--skip-self-tests'])
E        +    where &lt;function main at 0xef73a10ae840&gt; = gate.main

modules/rustdesk-fleet/tests/test_phase52_gate_b_transaction.py:2206: AssertionError</failure></testcase><testcase classname="modules.rustdesk-fleet.tests.test_phase52_gate_b_transaction" name="test_source_has_no_secret_transport_in_argv_env_or_output" time="0.012" /><testcase classname="modules.rustdesk-fleet.tests.test_phase52_gate_b_transaction" name="test_remote_bootstrap_recomputes_canonical_hash_and_private_digest_ephemerally" time="0.016"><failure message="run_phase52_gate_b.GateBlocked: gate-a-managed-source-drift">def test_remote_bootstrap_recomputes_canonical_hash_and_private_digest_ephemerally():
        bootstrap = gate.REMOTE_BOOTSTRAP
        assert '"sealed_sources","gate_a"' in bootstrap
        assert 'canonical={"sealed_sources":manifest["sealed_sources"],"gate_a":manifest["gate_a"]}' in bootstrap
        assert "canonical_hash" in bootstrap and "expected_hash" in bootstrap
        assert "while offset&lt;len(data)" in bootstrap
        assert "hmac.compare_digest" in bootstrap
        assert "private_digest" in bootstrap
        assert "os.execve" not in bootstrap
        assert "subprocess.Popen" in bootstrap and "child.wait" in bootstrap
        assert "os.killpg" in bootstrap and "start_new_session=True" in bootstrap
        assert "signal.SIGTERM" in bootstrap and "signal.SIGKILL" in bootstrap
        assert "shutil.rmtree(root" in bootstrap
&gt;       assert "private_digest" not in json.dumps(gate.preflight(REPO, tmp_path := Path("/dev/shm/phase52-no-write-seal.json"), run_self_tests=False))

modules/rustdesk-fleet/tests/test_phase52_gate_b_transaction.py:2272: 
_ _ _ _ _ _ _ _ _ _ _ _ _ _ _ _ _ _ _ _ _ _ _ _ _ _ _ _ _ _ _ _ _ _ _ _ _ _ _ _ 
modules/rustdesk-fleet/tools/run-phase52-gate-b.py:305: in preflight
    gate_a = _gate_a_projection(repo)
_ _ _ _ _ _ _ _ _ _ _ _ _ _ _ _ _ _ _ _ _ _ _ _ _ _ _ _ _ _ _ _ _ _ _ _ _ _ _ _ 

repo = PosixPath('/home/ubuntu/GitHub/omni-srv-admin')

    def _gate_a_projection(repo: Path) -&gt; dict[str, Any]:
        path = repo / GATE_A_REL
        payload = load_json(path)
        if not isinstance(payload, dict) or payload.get("status") != "PASS":
            raise GateBlocked("gate-a-not-pass")
        rows = payload.get("managed_sources")
        if not isinstance(rows, list) or not rows:
            raise GateBlocked("gate-a-managed-sources-invalid")
        normalized = []
        seen = set()
        for row in rows:
            if not isinstance(row, dict) or set(row) != {"path", "sha256"}:
                raise GateBlocked("gate-a-managed-sources-invalid")
            relative = row["path"]
            digest = row["sha256"]
            if not isinstance(relative, str) or relative in seen or not isinstance(digest, str):
                raise GateBlocked("gate-a-managed-sources-invalid")
            resolved = (repo / relative).resolve()
            try:
                resolved.relative_to(repo.resolve())
            except ValueError as exc:
                raise GateBlocked("gate-a-managed-source-outside-repo") from exc
            if not resolved.is_file() or resolved.is_symlink() or sha256_file(resolved) != digest:
&gt;               raise GateBlocked("gate-a-managed-source-drift")
E               run_phase52_gate_b.GateBlocked: gate-a-managed-source-drift

modules/rustdesk-fleet/tools/run-phase52-gate-b.py:161: GateBlocked</failure></testcase><testcase classname="modules.rustdesk-fleet.tests.test_phase52_gate_b_transaction" name="test_remote_bootstrap_supervisor_propagates_exit_and_removes_private_root[0]" time="0.126" /><testcase classname="modules.rustdesk-fleet.tests.test_phase52_gate_b_transaction" name="test_remote_bootstrap_supervisor_propagates_exit_and_removes_private_root[2]" time="0.103" /><testcase classname="modules.rustdesk-fleet.tests.test_phase52_gate_b_transaction" name="test_remote_bootstrap_term_stops_child_and_removes_private_root" time="0.263" /><testcase classname="modules.rustdesk-fleet.tests.test_phase52_gate_b_transaction" name="test_remote_bootstrap_unexpected_executor_exit_kills_grandchild_group" time="0.251" /><testcase classname="modules.rustdesk-fleet.tests.test_phase52_gate_b_transaction" name="test_child_environment_is_allowlisted_and_silent_child_times_out" time="1.025" /><testcase classname="modules.rustdesk-fleet.tests.test_phase52_gate_b_transaction" name="test_bounded_process_normalizes_spawn_oserror" time="0.183" /><testcase classname="modules.rustdesk-fleet.tests.test_phase52_gate_b_transaction" name="test_internal_timeout_terminates_descendant_process_tree" time="1.187" /><testcase classname="modules.rustdesk-fleet.tests.test_phase52_gate_b_transaction" name="test_successful_parent_exit_still_terminates_detached_descendant" time="0.575" /><testcase classname="modules.rustdesk-fleet.tests.test_phase52_gate_b_transaction" name="test_bounded_helpers_serialize_subreaper_and_restore_process_state" time="1.134" /><testcase classname="modules.rustdesk-fleet.tests.test_phase52_gate_b_transaction" name="test_committed_runtime_evidence_is_redacted_success_projection" time="0.102" /><testcase classname="modules.rustdesk-fleet.tests.test_phase52_post_live_successor" name="test_phase52_post_live_successor_v1_anchor_is_static_and_runtime_bound" time="0.065" /><testcase classname="modules.rustdesk-fleet.tests.test_phase52_post_live_successor" name="test_contract_binds_exact_history_hashes_and_no_live_authority" time="0.009" /><testcase classname="modules.rustdesk-fleet.tests.test_phase52_post_live_successor" name="test_exact_git_objects_ancestry_and_ledger_successor_pass" time="0.724" /><testcase classname="modules.rustdesk-fleet.tests.test_phase52_post_live_successor" name="test_history_mutations_are_rejected[fourth-path]" time="0.002" /><testcase classname="modules.rustdesk-fleet.tests.test_phase52_post_live_successor" name="test_history_mutations_are_rejected[substituted-commit]" time="0.003" /><testcase classname="modules.rustdesk-fleet.tests.test_phase52_post_live_successor" name="test_history_mutations_are_rejected[amended-hash]" time="0.002" /><testcase classname="modules.rustdesk-fleet.tests.test_phase52_post_live_successor" name="test_ledger_successor_rejects_duplicate_extra_and_non_phase52_change" time="0.016" /><testcase classname="modules.rustdesk-fleet.tests.test_phase52_post_live_successor" name="test_source_freeze_detects_byte_drift" time="0.056" /><testcase classname="modules.rustdesk-fleet.tests.test_phase52_post_live_successor" name="test_independent_review_quorum_requires_distinct_identity_and_same_hash" time="0.001" /><testcase classname="modules.rustdesk-fleet.tests.test_phase52_post_live_successor" name="test_review_quorum_rejects_unbound_or_mutated_checkout[source_freeze_commit-0000000000000000000000000000000000000000]" time="0.002" /><testcase classname="modules.rustdesk-fleet.tests.test_phase52_post_live_successor" name="test_review_quorum_rejects_unbound_or_mutated_checkout[checkout_after-00000000000000000000000000000000000000000000000000000000000000
[...]
iifname &quot;__PHASE53_PUBLIC_INTERFACE__&quot; meta nfproto ipv6 meta l4proto udp udp dport 21116 counter drop\n\n        iifname &quot;__PHASE53_PUBLIC_INTERFACE__&quot; ip protocol tcp tcp dport { 21115, 21116, 21117 } counter accept\n        iifname &quot;__PHASE53_PUBLIC_INTERFACE__&quot; ip protocol udp udp dport 21116 counter accept\n        iifname &quot;__PHASE53_PUBLIC_INTERFACE__&quot; ip protocol tcp tcp dport { 21114, 21118, 21119 } counter drop\n    }\n}\n-nft-template-ownership-marker-invalid]" time="0.004" /><testcase classname="modules.rustdesk-fleet.tests.test_phase53_primary_edge" name="test_nft_template_ownership_and_contract_digest_are_mandatory[#!/usr/sbin/nft -f\n\n# ATIUS-PHASE53-EDGE\n# Managed-By: omni-srv-admin/rustdesk-fleet/phase53\n# contract-sha256=01708fda3e0d9bcbfee05a3bf354deae56e2922dc743405514f4efb0cf6fac3d8\n# __PHASE53_PUBLIC_INTERFACE__ is rendered from the revalidated live interface.\n\ntable inet atius_rustdesk_phase53 {\n    chain native_edge_input {\n        type filter hook input priority 300; policy accept;\n\n        iifname &quot;__PHASE53_PUBLIC_INTERFACE__&quot; meta nfproto ipv6 meta l4proto tcp tcp dport { 21114, 21115, 21116, 21117, 21118, 21119 } counter drop\n        iifname &quot;__PHASE53_PUBLIC_INTERFACE__&quot; meta nfproto ipv6 meta l4proto udp udp dport 21116 counter drop\n\n        iifname &quot;__PHASE53_PUBLIC_INTERFACE__&quot; ip protocol tcp tcp dport { 21115, 21116, 21117 } counter accept\n        iifname &quot;__PHASE53_PUBLIC_INTERFACE__&quot; ip protocol udp udp dport 21116 counter accept\n        iifname &quot;__PHASE53_PUBLIC_INTERFACE__&quot; ip protocol tcp tcp dport { 21114, 21118, 21119 } counter drop\n    }\n}\n-nft-template-contract-digest-invalid]" time="0.004" /><testcase classname="modules.rustdesk-fleet.tests.test_phase53_primary_edge" name="test_boot_verifier_missing_template_fails_closed" time="0.220" /><testcase classname="modules.rustdesk-fleet.tests.test_phase53_primary_edge" name="test_oci_union_uses_only_expanded_attached_security_lists_and_nsgs" time="0.003" /><testcase classname="modules.rustdesk-fleet.tests.test_phase53_primary_edge" name="test_oci_public_proof_validates_source_type_and_statefulness[mutation0-oci-public-source-invalid]" time="0.005" /><testcase classname="modules.rustdesk-fleet.tests.test_phase53_primary_edge" name="test_oci_public_proof_validates_source_type_and_statefulness[mutation1-oci-public-source-type-invalid]" time="0.002" /><testcase classname="modules.rustdesk-fleet.tests.test_phase53_primary_edge" name="test_oci_public_proof_validates_source_type_and_statefulness[mutation2-oci-public-stateless-invalid]" time="0.004" /><testcase classname="modules.rustdesk-fleet.tests.test_phase53_primary_edge" name="test_oci_rule_count_is_bounded_and_ranges_are_not_expanded" time="0.007" /><testcase classname="modules.rustdesk-fleet.tests.test_phase53_primary_edge" name="test_cas_barrier_a_requires_fresh_ipv4_and_current_digests[mutation0-address-consensus-stale]" time="0.002" /><testcase classname="modules.rustdesk-fleet.tests.test_phase53_primary_edge" name="test_cas_barrier_a_requires_fresh_ipv4_and_current_digests[mutation1-address-consensus-ipv4-invalid]" time="0.002" /><testcase classname="modules.rustdesk-fleet.tests.test_phase53_primary_edge" name="test_cas_barrier_a_requires_fresh_ipv4_and_current_digests[mutation2-source-head-drift]" time="0.003" /><testcase classname="modules.rustdesk-fleet.tests.test_phase53_primary_edge" name="test_cas_barrier_a_requires_fresh_ipv4_and_current_digests[mutation3-contract-digest-drift]" time="0.004" /><testcase classname="modules.rustdesk-fleet.tests.test_phase53_primary_edge" name="test_barrier_a_typed_sources_are_fresh_a_only_and_topology_bound" time="0.005" /><testcase classname="modules.rustdesk-fleet.tests.test_phase53_primary_edge" name="test_snapshot_storage_rejects_parent_symlink_shape_secret_values_and_record_overflow" time="0.005" /><testcase classname="modules.rustdesk-fleet.tests.test_phase53_primary_edge" name="test_nft_json_readback_accepts_canonical_ipv4_payload_ast" time="0.002" /><testcase classname="modules.rustdesk-fleet.tests.test_phase53_primary_edge" name="test_nft_json_readback_rejects_fabricated_meta_ipv4_ast" time="0.003" /><testcase classname="modules.rustdesk-fleet.tests.test_phase53_primary_edge" name="test_nft_json_readback_requires_exact_owned_chain_rules[wrong-chain]" time="0.003" /><testcase classname="modules.rustdesk-fleet.tests.test_phase53_primary_edge" name="test_nft_json_readback_requires_exact_owned_chain_rules[catch-all]" time="0.002" /><testcase classname="modules.rustdesk-fleet.tests.test_phase53_primary_edge" name="test_nft_json_readback_requires_exact_owned_chain_rules[duplicate]" time="0.003" /><testcase classname="modules.rustdesk-fleet.tests.test_phase53_primary_edge" name="test_nft_candidate_rejects_extra_relevant_chain_or_rule" time="0.004" /><testcase classname="modules.rustdesk-fleet.tests.test_phase53_primary_edge" name="test_rollback_cas_rejects_same_state_with_new_generation" time="0.004" /><testcase classname="modules.rustdesk-fleet.tests.test_phase53_primary_edge" name="test_nft_json_readback_rejects_extra_predicate_inside_expected_rule" time="0.002" /><testcase classname="modules.rustdesk-fleet.tests.test_phase53_primary_edge" name="test_nft_candidate_rejects_extra_predicate_on_expected_line" time="0.002" /><testcase classname="modules.rustdesk-fleet.tests.test_phase53_primary_edge" name="test_nft_json_readback_rejects_additional_owned_table_chain" time="0.002" /><testcase classname="modules.rustdesk-fleet.tests.test_phase53_primary_edge" name="test_probe_strict_json_rejects_duplicate_unknown_and_secret_surfaces" time="0.021" /><testcase classname="modules.rustdesk-fleet.tests.test_phase53_primary_edge" name="test_probe_strict_json_rejects_nested_duplicates_constants_and_shape[{&quot;outer&quot;:{&quot;key&quot;:1,&quot;key&quot;:2}}-duplicate-json-key]" time="0.002" /><testcase classname="modules.rustdesk-fleet.tests.test_phase53_primary_edge" name="test_probe_strict_json_rejects_nested_duplicates_constants_and_shape[{&quot;value&quot;:NaN}-json-input-invalid]" time="0.002" /><testcase classname="modules.rustdesk-fleet.tests.test_phase53_primary_edge" name="test_probe_strict_json_rejects_nested_duplicates_constants_and_shape[{&quot;value&quot;:Infinity}-json-input-invalid]" time="0.002" /><testcase classname="modules.rustdesk-fleet.tests.test_phase53_primary_edge" name="test_probe_strict_json_rejects_nested_duplicates_constants_and_shape[[&quot;not-an-object&quot;]-json-input-invalid]" time="0.002" /><testcase classname="modules.rustdesk-fleet.tests.test_phase53_primary_edge" name="test_probe_strict_json_rejects_nested_duplicates_constants_and_shape[\xff-json-input-invalid]" time="0.003" /><testcase classname="modules.rustdesk-fleet.tests.test_phase53_primary_edge" name="test_probe_strict_json_rejects_nested_duplicates_constants_and_shape[{&quot;a&quot;:{&quot;a&quot;:{&quot;a&quot;:{&quot;a&quot;:{&quot;a&quot;:{&quot;a&quot;:{&quot;a&quot;:{&quot;a&quot;:{&quot;a&quot;:{&quot;a&quot;:{&quot;a&quot;:{&quot;a&quot;:{&quot;a&quot;:{&quot;a&quot;:{&quot;a&quot;:{&quot;a&quot;:{&quot;a&quot;:{&quot;a&quot;:{&quot;a&quot;:{&quot;a&quot;:{&quot;a&quot;:{&quot;a&quot;:{&quot;a&quot;:{&quot;a&quot;:{&quot;a&quot;:{&quot;a&quot;:{&quot;a&quot;:{&quot;a&quot;:{&quot;a&quot;:{&quot;a&quot;:0}}}}}}}}}}}}}}}}}}}}}}}}}}}}}}-json-input-too-deep]" time="0.002" /><testcase classname="modules.rustdesk-fleet.tests.test_phase53_primary_edge" name="test_external_probe_receipt_is_two_origin_value_free_and_exact" time="0.004" /><testcase classname="modules.rustdesk-fleet.tests.test_phase53_primary_edge" name="test_external_probe_adversarial_matrix_fails_closed[&lt;lambda&gt;-probe-origin-unattested0]" time="0.004" /><testcase classname="modules.rustdesk-fleet.tests.test_phase53_primary_edge" name="test_external_probe_adversarial_matrix_fails_closed[&lt;lambda&gt;-probe-origin-not-distinct]" time="0.007" /><testcase classname="modules.rustdesk-fleet.tests.test_phase53_primary_edge" name="test_external_probe_adversarial_matrix_fails_closed[&lt;lambda&gt;-probe-origin-unattested1]" time="0.005" /><testcase classname="modules.rustdesk-fleet.tests.test_phase53_primary_edge" name="test_external_probe_adversarial_matrix_fails_closed[&lt;lambda&gt;-probe-tcp-positive-control-failed]" time="0.009" /><testcase classname="modules.rustdesk-fleet.tests.test_phase53_primary_edge" name="test_external_probe_adversarial_matrix_fails_closed[&lt;lambda&gt;-probe-tcp-correlation-invalid0]" time="0.007" /><testcase classname="modules.rustdesk-fleet.tests.test_phase53_primary_edge" name="test_external_probe_adversarial_matrix_fails_closed[&lt;lambda&gt;-probe-tcp-correlation-invalid1]" time="0.007" /><testcase classname="modules.rustdesk-fleet.tests.test_phase53_primary_edge" name="test_external_probe_adversarial_matrix_fails_closed[&lt;lambda&gt;-probe-tcp-forbidden-open]" time="0.006" /><testcase classname="modules.rustdesk-fleet.tests.test_phase53_primary_edge" name="test_external_probe_adversarial_matrix_fails_closed[&lt;lambda&gt;-probe-udp-counter-invalid]" time="0.004" /><testcase classname="modules.rustdesk-fleet.tests.test_phase53_primary_edge" name="test_external_probe_adversarial_matrix_fails_closed[&lt;lambda&gt;-probe-udp-capture-invalid]" time="0.006" /><testcase classname="modules.rustdesk-fleet.tests.test_phase53_primary_edge" name="test_external_probe_adversarial_matrix_fails_closed[&lt;lambda&gt;-probe-udp-tuple-invalid]" time="0.006" /><testcase classname="modules.rustdesk-fleet.tests.test_phase53_primary_edge" name="test_external_probe_adversarial_matrix_fails_closed[&lt;lambda&gt;-probe-udp-owner-invalid]" time="0.008" /><testcase classname="modules.rustdesk-fleet.tests.test_phase53_primary_edge" name="test_external_probe_adversarial_matrix_fails_closed[&lt;lambda&gt;-probe-udp-replay]" time="0.006" /><testcase classname="modules.rustdesk-fleet.tests.test_phase53_primary_edge" name="test_udp_capture_must_be_inside_attempt_window" time="0.006" /><testcase classname="modules.rustdesk-fleet.tests.test_phase53_primary_edge" name="test_origin_policy_binding_and_udp_windows_reject_spoof_and_ambient_replay" time="0.013" /><testcase classname="modules.rustdesk-fleet.tests.test_phase53_primary_edge" name="test_windows_private_first_fallback_is_only_for_ssh_rc255" time="0.003" /><testcase classname="modules.rustdesk-fleet.tests.test_phase53_primary_edge" name="test_barrier_b_is_post_ip_fresh_and_equal_to_barrier_a" time="0.006" /><testcase classname="modules.rustdesk-fleet.tests.test_phase53_primary_edge" name="test_barrier_b_drift_staleness_and_order_block_before_dns[&lt;lambda&gt;-barrier-b-address-drift]" time="0.006" /><testcase classname="modules.rustdesk-fleet.tests.test_phase53_primary_edge" name="test_barrier_b_drift_staleness_and_order_block_before_dns[&lt;lambda&gt;-barrier-b-stale]" time="0.006" /><testcase classname="modules.rustdesk-fleet.tests.test_phase53_primary_edge" name="test_barrier_b_drift_staleness_and_order_block_before_dns[&lt;lambda&gt;-barrier-b-before-ip-proof]" time="0.007" /><testcase classname="modules.rustdesk-fleet.tests.test_phase53_primary_edge" name="test_barrier_b_drift_staleness_and_order_block_before_dns[&lt;lambda&gt;-barrier-b-attachment-drift]" time="0.007" /><testcase classname="modules.rustdesk-fleet.tests.test_phase53_primary_edge" name="test_barrier_b_drift_staleness_and_order_block_before_dns[&lt;lambda&gt;-barrier-b-dns-not-closed]" time="0.007" /><testcase classname="modules.rustdesk-fleet.tests.test_phase53_primary_edge" name="test_dns_is_unreachable_before_two_origin_ip_proof_and_cas" time="0.014" /><testcase classname="modules.rustdesk-fleet.tests.test_phase53_primary_edge" name="test_dns_partial_write_rolls_back_exactly_and_is_idempotent" time="0.017" /><testcase classname="modules.rustdesk-fleet.tests.test_phase53_primary_edge" name="test_dns_semantic_cas_and_restore_race_fail_closed" time="0.019" /><testcase classname="modules.rustdesk-fleet.tests.test_phase53_primary_edge" name="test_dns_postwrite_semantic_drift_contains_and_restores_exactly" time="0.008" /><testcase classname="modules.rustdesk-fleet.tests.test_phase53_primary_edge" name="test_hostname_proof_is_internal_state_and_failure_rolls_back_all" time="0.011" /><testcase classname="modules.rustdesk-fleet.tests.test_phase53_primary_edge" name="test_dns_concurrent_drift_contains_without_destructive_restore" time="0.006" /><testcase classname="modules.rustdesk-fleet.tests.test_phase53_primary_edge" name="test_probe_scripts_are_offline_value_free_and_powershell_has_no_disk_surface" time="0.139" /><testcase classname="modules.fleet-backup.tests.test_phase52_backup_b.Phase52BackupBTests" name="test_canonical_production_hydrator_remains_blocked" time="0.152" /><testcase classname="modules.fleet-backup.tests.test_phase52_backup_b.Phase52BackupBTests" name="test_cat_failure_and_timeout_block_and_cleanup_snapshots" time="5.695"><failure message="AssertionError: 3.196703103138134 not less than 2.5">self = &lt;test_phase52_backup_b.Phase52BackupBTests testMethod=test_cat_failure_and_timeout_block_and_cleanup_snapshots&gt;

    def test_cat_failure_and_timeout_block_and_cleanup_snapshots(self) -&gt; None:
        failed = self._run_copy(FAKE_RCLONE_FAIL_CAT="1")
        self.assertEqual(failed.returncode, 2)
        self.assertEqual(json.loads(failed.stdout)["blocker"], "rclone-rehash-failed")
        self.assertEqual(list(self.tmpfs.glob("rustdesk-phase52-backup-b.*")), [])
    
        self.calls.unlink()
        started = time.monotonic()
        timed_out = self._run_copy(
            FAKE_RCLONE_SLEEP_CAT="1",
            PHASE52_RCLONE_TIMEOUT_SECONDS="1",
        )
&gt;       self.assertLess(time.monotonic() - started, 2.5)
E       AssertionError: 3.196703103138134 not less than 2.5

modules/fleet-backup/tests/test_phase52_backup_b.py:294: AssertionError</failure></testcase><testcase classname="modules.fleet-backup.tests.test_phase52_backup_b.Phase52BackupBTests" name="test_config_provenance_binds_size_inode_and_remote" time="3.807" /><testcase classname="modules.fleet-backup.tests.test_phase52_backup_b.Phase52BackupBTests" name="test_copyto_and_remote_rehash_are_required" time="2.524" /><testcase classname="modules.fleet-backup.tests.test_phase52_backup_b.Phase52BackupBTests" name="test_destination_outside_allowlist_blocks_before_rclone" time="0.039" /><testcase classname="modules.fleet-backup.tests.test_phase52_backup_b.Phase52BackupBTests" name="test_gate_a_corrective_copy_and_fetch_enforce_expected_size_and_four_gib_limit" time="0.002" /><testcase classname="modules.fleet-backup.tests.test_phase52_backup_b.Phase52BackupBTests" name="test_gate_a_corrective_provenance_contains_no_config_or_secret_digest" time="0.002" /><testcase classname="modules.fleet-backup.tests.test_phase52_backup_b.Phase52BackupBTests" name="test_gate_a_fetcher_is_bounded_atomic_and_delete_free" time="0.002" /><testcase classname="modules.fleet-backup.tests.test_phase52_backup_b.Phase52BackupBTests" name="test_gate_a_fetcher_streams_to_exclusive_stage_and_verifies_size_hash" time="1.133" /><testcase classname="modules.fleet-backup.tests.test_phase52_backup_b.Phase52BackupBTests" name="test_gate_a_hydrator_uses_exact_profile_and_one_remote" time="0.258" /><testcase classname="modules.fleet-backup.tests.test_phase52_backup_b.Phase52BackupBTests" name="test_gate_a_third_cycle_fetch_stage_has_no_pathname_reopen_race" time="0.002" /><testcase classname="modules.fleet-backup.tests.test_phase52_backup_b.Phase52BackupBTests" name="test_gate_a_third_cycle_rclone_parsers_suppress_all_parse_exceptions_and_streams" time="0.011" /><testcase classname="modules.fleet-backup.tests.test_phase52_backup_b.Phase52BackupBTests" name="test_hash_mismatch_blocks_without_secret_output" time="1.535" /><testcase classname="modules.fleet-backup.tests.test_phase52_backup_b.Phase52BackupBTests" name="test_hydrator_fails_closed_without_approved_binding" time="0.110" /><testcase classname="modules.fleet-backup.tests.test_phase52_backup_b.Phase52BackupBTests" name="test_install_and_rollback_interruptions_are_atomic" time="0.306" /><testcase classname="modules.fleet-backup.tests.test_phase52_backup_b.Phase52BackupBTests" name="test_installer_rejects_symlinked_local_state_before_mkdir" time="0.507" /><testcase classname="modules.fleet-backup.tests.test_phase52_backup_b.Phase52BackupBTests" name="test_installer_rejects_symlinked_target_parent_in_dry_run" time="0.142" /><testcase classname="modules.fleet-backup.tests.test_phase52_backup_b.Phase52BackupBTests" name="test_legacy_fleet_map_is_unchanged_and_phase52_is_separate" time="0.002" /><testcase classname="modules.fleet-backup.tests.test_phase52_backup_b.Phase52BackupBTests" name="test_legacy_installer_contract_remains_present" time="0.002" /><testcase classname="modules.fleet-backup.tests.test_phase52_backup_b.Phase52BackupBTests" name="test_legacy_installer_executes_with_local_fakes" time="0.060" /><testcase classname="modules.fleet-backup.tests.test_phase52_backup_b.Phase52BackupBTests" name="test_missing_config_blocks_before_rclone" time="0.421" /><testcase classname="modules.fleet-backup.tests.test_phase52_backup_b.Phase52BackupBTests" name="test_nested_destination_blocks_before_rclone" time="0.058" /><testcase classname="modules.fleet-backup.tests.test_phase52_backup_b.Phase52BackupBTests" name="test_non_state_only_archive_blocks" time="2.522" /><testcase classname="modules.fleet-backup.tests.test_phase52_backup_b.Phase52BackupBTests" name="test_original_swaps_cannot_change_private_snapshots" time="3.904" /><testcase classname="modules.fleet-backup.tests.test_phase52_backup_b.Phase52BackupBTests" name="test_phase52_installer_is_home_aware_timer_free_and_reversible" time="1.682" /><testcase classname="modules.fleet-backup.tests.test_phase52_backup_b.Phase52BackupBTests" name="test_post_manifest_replace_exceptions_compensate_from_reality" time="0.230" /><testcase classname="modules.fleet-backup.tests.test_phase52_backup_b.Phase52BackupBTests" name="test_public_interface_rejects_arbitrary_config" time="0.009" /><testcase classname="modules.fleet-backup.tests.test_phase52_backup_b.Phase52BackupBTests" name="test_remote_rehash_omits_incompatible_cat_log_level_flag" time="1.863" /><testcase classname="modules.fleet-backup.tests.test_phase52_backup_b.Phase52BackupBTests" name="test_rollback_rejects_incomplete_manifest_corrupt_backup_and_stale_target" time="4.901" /><testcase classname="modules.fleet-backup.tests.test_phase52_backup_b.Phase52BackupBTests" name="test_rollback_rejects_truncated_traversal_and_generation_drift_before_mutation" time="4.045" /><testcase classname="modules.fleet-backup.tests.test_phase52_backup_b.Phase52BackupBTests" name="test_source_and_config_modes_are_enforced" time="0.361" /><testcase classname="modules.fleet-backup.tests.test_phase52_backup_b.Phase52BackupBTests" name="test_source_and_hydrated_config_hardlinks_are_rejected" time="0.309" /><testcase classname="modules.fleet-backup.tests.test_phase52_backup_b.Phase52BackupBTests" name="test_symlinked_source_parent_or_hydrator_is_rejected" time="0.240" /><testcase classname="modules.fleet-backup.tests.test_phase52_backup_b.Phase52BackupBTests" name="test_upload_failure_blocks_after_bounded_remote_reconciliation" time="1.116" /><testcase classname="modules.fleet-backup.tests.test_phase52_backup_b.Phase52BackupBTests" name="test_upload_nonzero_after_exact_remote_write_reconciles_to_pass" time="1.371" /><testcase classname="modules.fleet-backup.tests.test_phase52_backup_b.Phase52BackupBTests" name="test_uploader_contains_no_destructive_rclone_verb" time="0.005" /><testcase classname="modules.fleet-backup.tests.test_phase52_backup_b.Phase52BackupBTests" name="test_valid_ephemeral_oauth_refresh_is_accepted_while_original_stays_pinned" time="1.659" /></testsuite></testsuites>